2022-10-10 14:00:23,781:INFO:PyCaret Supervised Module
2022-10-10 14:00:23,781:INFO:ML Usecase: regression
2022-10-10 14:00:23,782:INFO:version 2.3.10
2022-10-10 14:00:23,782:INFO:Initializing setup()
2022-10-10 14:00:23,782:INFO:setup(target=SalePrice, ml_usecase=regression, available_plots={'parameter': 'Hyperparameters', 'residuals': 'Residuals', 'error': 'Prediction Error', 'cooks': 'Cooks Distance', 'rfe': 'Feature Selection', 'learning': 'Learning Curve', 'manifold': 'Manifold Learning', 'vc': 'Validation Curve', 'feature': 'Feature Importance', 'feature_all': 'Feature Importance (All)', 'tree': 'Decision Tree', 'residuals_interactive': 'Interactive Residuals'}, train_size=0.7, test_data=None, preprocess=True, imputation_type=simple, iterative_imputation_iters=5, categorical_features=None, categorical_imputation=constant, categorical_iterative_imputer=lightgbm, ordinal_features=None, high_cardinality_features=None, high_cardinality_method=frequency, numeric_features=None, numeric_imputation=mean, numeric_iterative_imputer=lightgbm, date_features=None, ignore_features=None, normalize=False, normalize_method=zscore, transformation=False, transformation_method=yeo-johnson, handle_unknown_categorical=True, unknown_categorical_method=least_frequent, pca=False, pca_method=linear, pca_components=None, ignore_low_variance=False, combine_rare_levels=False, rare_level_threshold=0.1, bin_numeric_features=None, remove_outliers=False, outliers_threshold=0.05, remove_multicollinearity=False, multicollinearity_threshold=0.9, remove_perfect_collinearity=True, create_clusters=False, cluster_iter=20, polynomial_features=False, polynomial_degree=2, trigonometry_features=False, polynomial_threshold=0.1, group_features=None, group_names=None, feature_selection=False, feature_selection_threshold=0.8, feature_selection_method=classic, feature_interaction=False, feature_ratio=False, interaction_threshold=0.01, fix_imbalance=False, fix_imbalance_method=None, transform_target=False, transform_target_method=box-cox, data_split_shuffle=True, data_split_stratify=False, fold_strategy=kfold, fold=10, fold_shuffle=False, fold_groups=None, n_jobs=-1, use_gpu=False, custom_pipeline=None, html=True, session_id=None, log_experiment=False, experiment_name=None, experiment_custom_tags=None, log_plots=False, log_profile=False, log_data=False, silent=False, verbose=True, profile=False, profile_kwargs=None, display=None)
2022-10-10 14:00:23,782:INFO:Checking environment
2022-10-10 14:00:23,782:INFO:python_version: 3.8.13
2022-10-10 14:00:23,782:INFO:python_build: ('default', 'Mar 28 2022 11:38:47')
2022-10-10 14:00:23,782:INFO:machine: x86_64
2022-10-10 14:00:23,782:INFO:platform: Linux-5.10.102.1-microsoft-standard-WSL2-x86_64-with-glibc2.17
2022-10-10 14:00:23,784:INFO:Memory: svmem(total=7992418304, available=6985916416, percent=12.6, used=698966016, free=1960632320, active=805978112, inactive=4569276416, buffers=212586496, cached=5120233472, shared=286720, slab=424251392)
2022-10-10 14:00:23,786:INFO:Physical Core: 6
2022-10-10 14:00:23,786:INFO:Logical Core: 12
2022-10-10 14:00:23,786:INFO:Checking libraries
2022-10-10 14:00:23,786:INFO:pd==1.4.4
2022-10-10 14:00:23,786:INFO:numpy==1.20.3
2022-10-10 14:00:23,786:INFO:sklearn==0.23.2
2022-10-10 14:00:23,786:INFO:lightgbm==3.3.2
2022-10-10 14:00:23,786:INFO:catboost==1.1
2022-10-10 14:00:23,786:INFO:xgboost==1.6.2
2022-10-10 14:00:23,786:INFO:mlflow==1.29.0
2022-10-10 14:00:23,787:INFO:Checking Exceptions
2022-10-10 14:00:23,787:INFO:Declaring global variables
2022-10-10 14:00:23,787:INFO:USI: 53f9
2022-10-10 14:00:23,787:INFO:pycaret_globals: {'fold_shuffle_param', '_all_models_internal', 'imputation_regressor', 'experiment__', '_gpu_n_jobs_param', '_ml_usecase', 'fold_param', 'USI', 'logging_param', 'exp_name_log', 'log_plots_param', 'target_param', 'seed', 'fold_generator', 'X_train', 'data_before_preprocess', 'prep_pipe', 'imputation_classifier', '_internal_pipeline', '_all_models', 'dashboard_logger', '_all_metrics', 'y_test', 'pycaret_globals', 'stratify_param', '_available_plots', 'transform_target_method_param', 'display_container', 'gpu_param', 'X', 'y', 'fold_groups_param_full', 'y_train', 'X_test', 'master_model_container', 'html_param', 'fix_imbalance_param', 'iterative_imputation_iters_param', 'transform_target_param', 'n_jobs_param', 'fix_imbalance_method_param', 'create_model_container', 'fold_groups_param'}
2022-10-10 14:00:23,787:INFO:Preparing display monitor
2022-10-10 14:00:23,787:INFO:Preparing display monitor
2022-10-10 14:00:23,795:INFO:Importing libraries
2022-10-10 14:00:23,796:INFO:Copying data for preprocessing
2022-10-10 14:00:23,808:INFO:Declaring preprocessing parameters
2022-10-10 14:00:23,810:INFO:Creating preprocessing pipeline
2022-10-10 14:00:23,891:INFO:Preprocessing pipeline created successfully
2022-10-10 14:00:23,892:ERROR:(Process Exit): setup has been interupted with user command 'quit'. setup must rerun.
2022-10-10 14:00:23,892:INFO:Creating global containers
2022-10-10 14:00:23,893:INFO:Internal pipeline: Pipeline(memory=None, steps=[('empty_step', 'passthrough')], verbose=False)
2022-10-10 14:01:12,797:INFO:Creating grid variables
2022-10-10 14:01:12,807:INFO:create_model_container: 0
2022-10-10 14:01:12,807:INFO:master_model_container: 0
2022-10-10 14:01:12,807:INFO:display_container: 1
2022-10-10 14:01:12,810:INFO:Pipeline(memory=None,
         steps=[('dtypes',
                 DataTypes_Auto_infer(categorical_features=[],
                                      display_types=True, features_todrop=[],
                                      id_columns=[], ml_usecase='regression',
                                      numerical_features=[], target='SalePrice',
                                      time_features=[])),
                ('imputer',
                 Simple_Imputer(categorical_strategy='not_available',
                                fill_value_categorical=None,
                                fill_value_numerical=None,
                                numeric_strate...
                ('scaling', 'passthrough'), ('P_transform', 'passthrough'),
                ('binn', 'passthrough'), ('rem_outliers', 'passthrough'),
                ('cluster_all', 'passthrough'),
                ('dummy', Dummify(target='SalePrice')),
                ('fix_perfect', Remove_100(target='SalePrice')),
                ('clean_names', Clean_Colum_Names()),
                ('feature_select', 'passthrough'), ('fix_multi', 'passthrough'),
                ('dfs', 'passthrough'), ('pca', 'passthrough')],
         verbose=False)
2022-10-10 14:01:12,810:INFO:setup() succesfully completed......................................
2022-10-10 14:01:32,871:INFO:Initializing compare_models()
2022-10-10 14:01:32,871:INFO:compare_models(include=None, fold=None, round=4, cross_validation=True, sort=R2, n_select=1, budget_time=None, turbo=True, errors=ignore, fit_kwargs=None, groups=None, experiment_custom_tags=None, probability_threshold=None, verbose=True, display=None, exclude=None)
2022-10-10 14:01:32,871:INFO:Checking exceptions
2022-10-10 14:01:32,872:INFO:Preparing display monitor
2022-10-10 14:01:32,872:INFO:Preparing display monitor
2022-10-10 14:01:32,892:INFO:Initializing Linear Regression
2022-10-10 14:01:32,893:INFO:Total runtime is 8.086363474527994e-06 minutes
2022-10-10 14:01:32,900:INFO:SubProcess create_model() called ==================================
2022-10-10 14:01:32,900:INFO:Initializing create_model()
2022-10-10 14:01:32,900:INFO:create_model(estimator=lr, fold=KFold(n_splits=10, random_state=None, shuffle=False), round=4, cross_validation=True, predict=True, fit_kwargs={}, groups=None, refit=False, verbose=False, system=False, metrics=None, experiment_custom_tags=None, add_to_model_list=True, probability_threshold=None, display=<pycaret.internal.Display.Display object at 0x7f046065efa0>, return_train_score=False, kwargs={})
2022-10-10 14:01:32,901:INFO:Checking exceptions
2022-10-10 14:01:32,901:INFO:Importing libraries
2022-10-10 14:01:32,901:INFO:Copying training dataset
2022-10-10 14:01:32,902:INFO:Defining folds
2022-10-10 14:01:32,902:INFO:Declaring metric variables
2022-10-10 14:01:32,908:INFO:Importing untrained model
2022-10-10 14:01:32,916:INFO:Linear Regression Imported succesfully
2022-10-10 14:01:32,928:INFO:Starting cross validation
2022-10-10 14:01:32,931:INFO:Cross validating with KFold(n_splits=10, random_state=None, shuffle=False), n_jobs=-1
2022-10-10 14:01:36,518:INFO:Calculating mean and std
2022-10-10 14:01:36,520:INFO:Creating metrics dataframe
2022-10-10 14:01:36,527:INFO:Uploading results into container
2022-10-10 14:01:36,527:INFO:Uploading model into container now
2022-10-10 14:01:36,527:INFO:create_model_container: 1
2022-10-10 14:01:36,527:INFO:master_model_container: 1
2022-10-10 14:01:36,527:INFO:display_container: 2
2022-10-10 14:01:36,527:INFO:LinearRegression(copy_X=True, fit_intercept=True, n_jobs=-1, normalize=False)
2022-10-10 14:01:36,528:INFO:create_model() succesfully completed......................................
2022-10-10 14:01:36,719:INFO:SubProcess create_model() end ==================================
2022-10-10 14:01:36,719:INFO:Creating metrics dataframe
2022-10-10 14:01:36,728:INFO:Initializing Lasso Regression
2022-10-10 14:01:36,728:INFO:Total runtime is 0.06393624146779378 minutes
2022-10-10 14:01:36,736:INFO:SubProcess create_model() called ==================================
2022-10-10 14:01:36,736:INFO:Initializing create_model()
2022-10-10 14:01:36,737:INFO:create_model(estimator=lasso, fold=KFold(n_splits=10, random_state=None, shuffle=False), round=4, cross_validation=True, predict=True, fit_kwargs={}, groups=None, refit=False, verbose=False, system=False, metrics=None, experiment_custom_tags=None, add_to_model_list=True, probability_threshold=None, display=<pycaret.internal.Display.Display object at 0x7f046065efa0>, return_train_score=False, kwargs={})
2022-10-10 14:01:36,737:INFO:Checking exceptions
2022-10-10 14:01:36,737:INFO:Importing libraries
2022-10-10 14:01:36,737:INFO:Copying training dataset
2022-10-10 14:01:36,740:INFO:Defining folds
2022-10-10 14:01:36,741:INFO:Declaring metric variables
2022-10-10 14:01:36,748:INFO:Importing untrained model
2022-10-10 14:01:36,754:INFO:Lasso Regression Imported succesfully
2022-10-10 14:01:36,768:INFO:Starting cross validation
2022-10-10 14:01:36,769:INFO:Cross validating with KFold(n_splits=10, random_state=None, shuffle=False), n_jobs=-1
2022-10-10 14:01:38,238:INFO:Calculating mean and std
2022-10-10 14:01:38,239:INFO:Creating metrics dataframe
2022-10-10 14:01:38,243:INFO:Uploading results into container
2022-10-10 14:01:38,243:INFO:Uploading model into container now
2022-10-10 14:01:38,243:INFO:create_model_container: 2
2022-10-10 14:01:38,243:INFO:master_model_container: 2
2022-10-10 14:01:38,243:INFO:display_container: 2
2022-10-10 14:01:38,243:INFO:Lasso(alpha=1.0, copy_X=True, fit_intercept=True, max_iter=1000,
      normalize=False, positive=False, precompute=False, random_state=504,
      selection='cyclic', tol=0.0001, warm_start=False)
2022-10-10 14:01:38,244:INFO:create_model() succesfully completed......................................
2022-10-10 14:01:38,390:INFO:SubProcess create_model() end ==================================
2022-10-10 14:01:38,390:INFO:Creating metrics dataframe
2022-10-10 14:01:38,398:INFO:Initializing Ridge Regression
2022-10-10 14:01:38,399:INFO:Total runtime is 0.09177572727203369 minutes
2022-10-10 14:01:38,404:INFO:SubProcess create_model() called ==================================
2022-10-10 14:01:38,404:INFO:Initializing create_model()
2022-10-10 14:01:38,405:INFO:create_model(estimator=ridge, fold=KFold(n_splits=10, random_state=None, shuffle=False), round=4, cross_validation=True, predict=True, fit_kwargs={}, groups=None, refit=False, verbose=False, system=False, metrics=None, experiment_custom_tags=None, add_to_model_list=True, probability_threshold=None, display=<pycaret.internal.Display.Display object at 0x7f046065efa0>, return_train_score=False, kwargs={})
2022-10-10 14:01:38,405:INFO:Checking exceptions
2022-10-10 14:01:38,405:INFO:Importing libraries
2022-10-10 14:01:38,405:INFO:Copying training dataset
2022-10-10 14:01:38,406:INFO:Defining folds
2022-10-10 14:01:38,406:INFO:Declaring metric variables
2022-10-10 14:01:38,414:INFO:Importing untrained model
2022-10-10 14:01:38,421:INFO:Ridge Regression Imported succesfully
2022-10-10 14:01:38,435:INFO:Starting cross validation
2022-10-10 14:01:38,435:INFO:Cross validating with KFold(n_splits=10, random_state=None, shuffle=False), n_jobs=-1
2022-10-10 14:01:38,587:INFO:Calculating mean and std
2022-10-10 14:01:38,588:INFO:Creating metrics dataframe
2022-10-10 14:01:38,592:INFO:Uploading results into container
2022-10-10 14:01:38,592:INFO:Uploading model into container now
2022-10-10 14:01:38,593:INFO:create_model_container: 3
2022-10-10 14:01:38,593:INFO:master_model_container: 3
2022-10-10 14:01:38,593:INFO:display_container: 2
2022-10-10 14:01:38,593:INFO:Ridge(alpha=1.0, copy_X=True, fit_intercept=True, max_iter=None,
      normalize=False, random_state=504, solver='auto', tol=0.001)
2022-10-10 14:01:38,593:INFO:create_model() succesfully completed......................................
2022-10-10 14:01:38,734:INFO:SubProcess create_model() end ==================================
2022-10-10 14:01:38,734:INFO:Creating metrics dataframe
2022-10-10 14:01:38,744:INFO:Initializing Elastic Net
2022-10-10 14:01:38,744:INFO:Total runtime is 0.0975332498550415 minutes
2022-10-10 14:01:38,751:INFO:SubProcess create_model() called ==================================
2022-10-10 14:01:38,752:INFO:Initializing create_model()
2022-10-10 14:01:38,752:INFO:create_model(estimator=en, fold=KFold(n_splits=10, random_state=None, shuffle=False), round=4, cross_validation=True, predict=True, fit_kwargs={}, groups=None, refit=False, verbose=False, system=False, metrics=None, experiment_custom_tags=None, add_to_model_list=True, probability_threshold=None, display=<pycaret.internal.Display.Display object at 0x7f046065efa0>, return_train_score=False, kwargs={})
2022-10-10 14:01:38,752:INFO:Checking exceptions
2022-10-10 14:01:38,752:INFO:Importing libraries
2022-10-10 14:01:38,752:INFO:Copying training dataset
2022-10-10 14:01:38,753:INFO:Defining folds
2022-10-10 14:01:38,754:INFO:Declaring metric variables
2022-10-10 14:01:38,760:INFO:Importing untrained model
2022-10-10 14:01:38,767:INFO:Elastic Net Imported succesfully
2022-10-10 14:01:38,780:INFO:Starting cross validation
2022-10-10 14:01:38,781:INFO:Cross validating with KFold(n_splits=10, random_state=None, shuffle=False), n_jobs=-1
2022-10-10 14:01:38,933:INFO:Calculating mean and std
2022-10-10 14:01:38,934:INFO:Creating metrics dataframe
2022-10-10 14:01:38,938:INFO:Uploading results into container
2022-10-10 14:01:38,938:INFO:Uploading model into container now
2022-10-10 14:01:38,938:INFO:create_model_container: 4
2022-10-10 14:01:38,938:INFO:master_model_container: 4
2022-10-10 14:01:38,939:INFO:display_container: 2
2022-10-10 14:01:38,939:INFO:ElasticNet(alpha=1.0, copy_X=True, fit_intercept=True, l1_ratio=0.5,
           max_iter=1000, normalize=False, positive=False, precompute=False,
           random_state=504, selection='cyclic', tol=0.0001, warm_start=False)
2022-10-10 14:01:38,939:INFO:create_model() succesfully completed......................................
2022-10-10 14:01:39,071:INFO:SubProcess create_model() end ==================================
2022-10-10 14:01:39,071:INFO:Creating metrics dataframe
2022-10-10 14:01:39,082:INFO:Initializing Least Angle Regression
2022-10-10 14:01:39,082:INFO:Total runtime is 0.10317323605219522 minutes
2022-10-10 14:01:39,089:INFO:SubProcess create_model() called ==================================
2022-10-10 14:01:39,089:INFO:Initializing create_model()
2022-10-10 14:01:39,089:INFO:create_model(estimator=lar, fold=KFold(n_splits=10, random_state=None, shuffle=False), round=4, cross_validation=True, predict=True, fit_kwargs={}, groups=None, refit=False, verbose=False, system=False, metrics=None, experiment_custom_tags=None, add_to_model_list=True, probability_threshold=None, display=<pycaret.internal.Display.Display object at 0x7f046065efa0>, return_train_score=False, kwargs={})
2022-10-10 14:01:39,089:INFO:Checking exceptions
2022-10-10 14:01:39,089:INFO:Importing libraries
2022-10-10 14:01:39,089:INFO:Copying training dataset
2022-10-10 14:01:39,091:INFO:Defining folds
2022-10-10 14:01:39,091:INFO:Declaring metric variables
2022-10-10 14:01:39,097:INFO:Importing untrained model
2022-10-10 14:01:39,103:INFO:Least Angle Regression Imported succesfully
2022-10-10 14:01:39,116:INFO:Starting cross validation
2022-10-10 14:01:39,117:INFO:Cross validating with KFold(n_splits=10, random_state=None, shuffle=False), n_jobs=-1
2022-10-10 14:01:39,361:WARNING:create_model() for lar raised an exception or returned all 0.0, trying without fit_kwargs:
2022-10-10 14:01:39,365:WARNING:joblib.externals.loky.process_executor._RemoteTraceback: 
"""
Traceback (most recent call last):
  File "/home/anand_ml/anaconda3/envs/pyc/lib/python3.8/site-packages/joblib/externals/loky/process_executor.py", line 436, in _process_worker
    r = call_item()
  File "/home/anand_ml/anaconda3/envs/pyc/lib/python3.8/site-packages/joblib/externals/loky/process_executor.py", line 288, in __call__
    return self.fn(*self.args, **self.kwargs)
  File "/home/anand_ml/anaconda3/envs/pyc/lib/python3.8/site-packages/joblib/_parallel_backends.py", line 595, in __call__
    return self.func(*args, **kwargs)
  File "/home/anand_ml/anaconda3/envs/pyc/lib/python3.8/site-packages/joblib/parallel.py", line 262, in __call__
    return [func(*args, **kwargs)
  File "/home/anand_ml/anaconda3/envs/pyc/lib/python3.8/site-packages/joblib/parallel.py", line 262, in <listcomp>
    return [func(*args, **kwargs)
  File "/home/anand_ml/anaconda3/envs/pyc/lib/python3.8/site-packages/sklearn/model_selection/_validation.py", line 560, in _fit_and_score
    test_scores = _score(estimator, X_test, y_test, scorer)
  File "/home/anand_ml/anaconda3/envs/pyc/lib/python3.8/site-packages/sklearn/model_selection/_validation.py", line 607, in _score
    scores = scorer(estimator, X_test, y_test)
  File "/home/anand_ml/anaconda3/envs/pyc/lib/python3.8/site-packages/sklearn/metrics/_scorer.py", line 87, in __call__
    score = scorer._score(cached_call, estimator,
  File "/home/anand_ml/anaconda3/envs/pyc/lib/python3.8/site-packages/sklearn/metrics/_scorer.py", line 212, in _score
    return self._sign * self._score_func(y_true, y_pred,
  File "/home/anand_ml/anaconda3/envs/pyc/lib/python3.8/site-packages/sklearn/utils/validation.py", line 72, in inner_f
    return f(**kwargs)
  File "/home/anand_ml/anaconda3/envs/pyc/lib/python3.8/site-packages/sklearn/metrics/_regression.py", line 178, in mean_absolute_error
    y_type, y_true, y_pred, multioutput = _check_reg_targets(
  File "/home/anand_ml/anaconda3/envs/pyc/lib/python3.8/site-packages/sklearn/metrics/_regression.py", line 86, in _check_reg_targets
    y_pred = check_array(y_pred, ensure_2d=False, dtype=dtype)
  File "/home/anand_ml/anaconda3/envs/pyc/lib/python3.8/site-packages/sklearn/utils/validation.py", line 72, in inner_f
    return f(**kwargs)
  File "/home/anand_ml/anaconda3/envs/pyc/lib/python3.8/site-packages/sklearn/utils/validation.py", line 644, in check_array
    _assert_all_finite(array,
  File "/home/anand_ml/anaconda3/envs/pyc/lib/python3.8/site-packages/sklearn/utils/validation.py", line 96, in _assert_all_finite
    raise ValueError(
ValueError: Input contains NaN, infinity or a value too large for dtype('float64').
"""

The above exception was the direct cause of the following exception:

Traceback (most recent call last):
  File "/home/anand_ml/anaconda3/envs/pyc/lib/python3.8/site-packages/pycaret/internal/tabular.py", line 2203, in compare_models
    model, model_fit_time = create_model_supervised(**create_model_args)
  File "/home/anand_ml/anaconda3/envs/pyc/lib/python3.8/site-packages/pycaret/internal/tabular.py", line 3200, in create_model_supervised
    scores = cross_validate(
  File "/home/anand_ml/anaconda3/envs/pyc/lib/python3.8/site-packages/sklearn/utils/validation.py", line 72, in inner_f
    return f(**kwargs)
  File "/home/anand_ml/anaconda3/envs/pyc/lib/python3.8/site-packages/sklearn/model_selection/_validation.py", line 242, in cross_validate
    scores = parallel(
  File "/home/anand_ml/anaconda3/envs/pyc/lib/python3.8/site-packages/joblib/parallel.py", line 1056, in __call__
    self.retrieve()
  File "/home/anand_ml/anaconda3/envs/pyc/lib/python3.8/site-packages/joblib/parallel.py", line 935, in retrieve
    self._output.extend(job.get(timeout=self.timeout))
  File "/home/anand_ml/anaconda3/envs/pyc/lib/python3.8/site-packages/joblib/_parallel_backends.py", line 542, in wrap_future_result
    return future.result(timeout=timeout)
  File "/home/anand_ml/anaconda3/envs/pyc/lib/python3.8/concurrent/futures/_base.py", line 437, in result
    return self.__get_result()
  File "/home/anand_ml/anaconda3/envs/pyc/lib/python3.8/concurrent/futures/_base.py", line 389, in __get_result
    raise self._exception
ValueError: Input contains NaN, infinity or a value too large for dtype('float64').

2022-10-10 14:01:39,365:INFO:Initializing create_model()
2022-10-10 14:01:39,365:INFO:create_model(estimator=lar, fold=KFold(n_splits=10, random_state=None, shuffle=False), round=4, cross_validation=True, predict=True, fit_kwargs={}, groups=None, refit=False, verbose=False, system=False, metrics=None, experiment_custom_tags=None, add_to_model_list=True, probability_threshold=None, display=<pycaret.internal.Display.Display object at 0x7f046065efa0>, return_train_score=False, kwargs={})
2022-10-10 14:01:39,366:INFO:Checking exceptions
2022-10-10 14:01:39,366:INFO:Importing libraries
2022-10-10 14:01:39,366:INFO:Copying training dataset
2022-10-10 14:01:39,367:INFO:Defining folds
2022-10-10 14:01:39,367:INFO:Declaring metric variables
2022-10-10 14:01:39,373:INFO:Importing untrained model
2022-10-10 14:01:39,380:INFO:Least Angle Regression Imported succesfully
2022-10-10 14:01:39,392:INFO:Starting cross validation
2022-10-10 14:01:39,392:INFO:Cross validating with KFold(n_splits=10, random_state=None, shuffle=False), n_jobs=-1
2022-10-10 14:01:41,833:ERROR:create_model() for lar raised an exception or returned all 0.0:
2022-10-10 14:01:41,833:ERROR:joblib.externals.loky.process_executor._RemoteTraceback: 
"""
Traceback (most recent call last):
  File "/home/anand_ml/anaconda3/envs/pyc/lib/python3.8/site-packages/joblib/externals/loky/process_executor.py", line 436, in _process_worker
    r = call_item()
  File "/home/anand_ml/anaconda3/envs/pyc/lib/python3.8/site-packages/joblib/externals/loky/process_executor.py", line 288, in __call__
    return self.fn(*self.args, **self.kwargs)
  File "/home/anand_ml/anaconda3/envs/pyc/lib/python3.8/site-packages/joblib/_parallel_backends.py", line 595, in __call__
    return self.func(*args, **kwargs)
  File "/home/anand_ml/anaconda3/envs/pyc/lib/python3.8/site-packages/joblib/parallel.py", line 262, in __call__
    return [func(*args, **kwargs)
  File "/home/anand_ml/anaconda3/envs/pyc/lib/python3.8/site-packages/joblib/parallel.py", line 262, in <listcomp>
    return [func(*args, **kwargs)
  File "/home/anand_ml/anaconda3/envs/pyc/lib/python3.8/site-packages/sklearn/model_selection/_validation.py", line 560, in _fit_and_score
    test_scores = _score(estimator, X_test, y_test, scorer)
  File "/home/anand_ml/anaconda3/envs/pyc/lib/python3.8/site-packages/sklearn/model_selection/_validation.py", line 607, in _score
    scores = scorer(estimator, X_test, y_test)
  File "/home/anand_ml/anaconda3/envs/pyc/lib/python3.8/site-packages/sklearn/metrics/_scorer.py", line 87, in __call__
    score = scorer._score(cached_call, estimator,
  File "/home/anand_ml/anaconda3/envs/pyc/lib/python3.8/site-packages/sklearn/metrics/_scorer.py", line 212, in _score
    return self._sign * self._score_func(y_true, y_pred,
  File "/home/anand_ml/anaconda3/envs/pyc/lib/python3.8/site-packages/sklearn/utils/validation.py", line 72, in inner_f
    return f(**kwargs)
  File "/home/anand_ml/anaconda3/envs/pyc/lib/python3.8/site-packages/sklearn/metrics/_regression.py", line 178, in mean_absolute_error
    y_type, y_true, y_pred, multioutput = _check_reg_targets(
  File "/home/anand_ml/anaconda3/envs/pyc/lib/python3.8/site-packages/sklearn/metrics/_regression.py", line 86, in _check_reg_targets
    y_pred = check_array(y_pred, ensure_2d=False, dtype=dtype)
  File "/home/anand_ml/anaconda3/envs/pyc/lib/python3.8/site-packages/sklearn/utils/validation.py", line 72, in inner_f
    return f(**kwargs)
  File "/home/anand_ml/anaconda3/envs/pyc/lib/python3.8/site-packages/sklearn/utils/validation.py", line 644, in check_array
    _assert_all_finite(array,
  File "/home/anand_ml/anaconda3/envs/pyc/lib/python3.8/site-packages/sklearn/utils/validation.py", line 96, in _assert_all_finite
    raise ValueError(
ValueError: Input contains NaN, infinity or a value too large for dtype('float64').
"""

The above exception was the direct cause of the following exception:

Traceback (most recent call last):
  File "/home/anand_ml/anaconda3/envs/pyc/lib/python3.8/site-packages/pycaret/internal/tabular.py", line 2212, in compare_models
    model, model_fit_time = create_model_supervised(**create_model_args)
  File "/home/anand_ml/anaconda3/envs/pyc/lib/python3.8/site-packages/pycaret/internal/tabular.py", line 3200, in create_model_supervised
    scores = cross_validate(
  File "/home/anand_ml/anaconda3/envs/pyc/lib/python3.8/site-packages/sklearn/utils/validation.py", line 72, in inner_f
    return f(**kwargs)
  File "/home/anand_ml/anaconda3/envs/pyc/lib/python3.8/site-packages/sklearn/model_selection/_validation.py", line 242, in cross_validate
    scores = parallel(
  File "/home/anand_ml/anaconda3/envs/pyc/lib/python3.8/site-packages/joblib/parallel.py", line 1056, in __call__
    self.retrieve()
  File "/home/anand_ml/anaconda3/envs/pyc/lib/python3.8/site-packages/joblib/parallel.py", line 935, in retrieve
    self._output.extend(job.get(timeout=self.timeout))
  File "/home/anand_ml/anaconda3/envs/pyc/lib/python3.8/site-packages/joblib/_parallel_backends.py", line 542, in wrap_future_result
    return future.result(timeout=timeout)
  File "/home/anand_ml/anaconda3/envs/pyc/lib/python3.8/concurrent/futures/_base.py", line 437, in result
    return self.__get_result()
  File "/home/anand_ml/anaconda3/envs/pyc/lib/python3.8/concurrent/futures/_base.py", line 389, in __get_result
    raise self._exception
ValueError: Input contains NaN, infinity or a value too large for dtype('float64').

2022-10-10 14:01:41,833:INFO:Initializing Lasso Least Angle Regression
2022-10-10 14:01:41,833:INFO:Total runtime is 0.14902394612630207 minutes
2022-10-10 14:01:41,841:INFO:SubProcess create_model() called ==================================
2022-10-10 14:01:41,841:INFO:Initializing create_model()
2022-10-10 14:01:41,841:INFO:create_model(estimator=llar, fold=KFold(n_splits=10, random_state=None, shuffle=False), round=4, cross_validation=True, predict=True, fit_kwargs={}, groups=None, refit=False, verbose=False, system=False, metrics=None, experiment_custom_tags=None, add_to_model_list=True, probability_threshold=None, display=<pycaret.internal.Display.Display object at 0x7f046065efa0>, return_train_score=False, kwargs={})
2022-10-10 14:01:41,841:INFO:Checking exceptions
2022-10-10 14:01:41,842:INFO:Importing libraries
2022-10-10 14:01:41,842:INFO:Copying training dataset
2022-10-10 14:01:41,844:INFO:Defining folds
2022-10-10 14:01:41,844:INFO:Declaring metric variables
2022-10-10 14:01:41,850:INFO:Importing untrained model
2022-10-10 14:01:41,855:INFO:Lasso Least Angle Regression Imported succesfully
2022-10-10 14:01:41,868:INFO:Starting cross validation
2022-10-10 14:01:41,869:INFO:Cross validating with KFold(n_splits=10, random_state=None, shuffle=False), n_jobs=-1
2022-10-10 14:01:44,394:INFO:Calculating mean and std
2022-10-10 14:01:44,396:INFO:Creating metrics dataframe
2022-10-10 14:01:44,411:INFO:Uploading results into container
2022-10-10 14:01:44,412:INFO:Uploading model into container now
2022-10-10 14:01:44,412:INFO:create_model_container: 5
2022-10-10 14:01:44,412:INFO:master_model_container: 5
2022-10-10 14:01:44,412:INFO:display_container: 2
2022-10-10 14:01:44,413:INFO:LassoLars(alpha=1.0, copy_X=True, eps=2.220446049250313e-16, fit_intercept=True,
          fit_path=True, jitter=None, max_iter=500, normalize=True,
          positive=False, precompute='auto', random_state=504, verbose=False)
2022-10-10 14:01:44,413:INFO:create_model() succesfully completed......................................
2022-10-10 14:01:44,577:INFO:SubProcess create_model() end ==================================
2022-10-10 14:01:44,577:INFO:Creating metrics dataframe
2022-10-10 14:01:44,586:INFO:Initializing Orthogonal Matching Pursuit
2022-10-10 14:01:44,587:INFO:Total runtime is 0.19491138060887653 minutes
2022-10-10 14:01:44,594:INFO:SubProcess create_model() called ==================================
2022-10-10 14:01:44,594:INFO:Initializing create_model()
2022-10-10 14:01:44,594:INFO:create_model(estimator=omp, fold=KFold(n_splits=10, random_state=None, shuffle=False), round=4, cross_validation=True, predict=True, fit_kwargs={}, groups=None, refit=False, verbose=False, system=False, metrics=None, experiment_custom_tags=None, add_to_model_list=True, probability_threshold=None, display=<pycaret.internal.Display.Display object at 0x7f046065efa0>, return_train_score=False, kwargs={})
2022-10-10 14:01:44,594:INFO:Checking exceptions
2022-10-10 14:01:44,594:INFO:Importing libraries
2022-10-10 14:01:44,594:INFO:Copying training dataset
2022-10-10 14:01:44,596:INFO:Defining folds
2022-10-10 14:01:44,597:INFO:Declaring metric variables
2022-10-10 14:01:44,605:INFO:Importing untrained model
2022-10-10 14:01:44,613:INFO:Orthogonal Matching Pursuit Imported succesfully
2022-10-10 14:01:44,629:INFO:Starting cross validation
2022-10-10 14:01:44,630:INFO:Cross validating with KFold(n_splits=10, random_state=None, shuffle=False), n_jobs=-1
2022-10-10 14:01:45,927:INFO:Calculating mean and std
2022-10-10 14:01:45,928:INFO:Creating metrics dataframe
2022-10-10 14:01:45,934:INFO:Uploading results into container
2022-10-10 14:01:45,934:INFO:Uploading model into container now
2022-10-10 14:01:45,934:INFO:create_model_container: 6
2022-10-10 14:01:45,935:INFO:master_model_container: 6
2022-10-10 14:01:45,935:INFO:display_container: 2
2022-10-10 14:01:45,935:INFO:OrthogonalMatchingPursuit(fit_intercept=True, n_nonzero_coefs=None,
                          normalize=True, precompute='auto', tol=None)
2022-10-10 14:01:45,935:INFO:create_model() succesfully completed......................................
2022-10-10 14:01:46,076:INFO:SubProcess create_model() end ==================================
2022-10-10 14:01:46,076:INFO:Creating metrics dataframe
2022-10-10 14:01:46,085:INFO:Initializing Bayesian Ridge
2022-10-10 14:01:46,085:INFO:Total runtime is 0.21988789240519205 minutes
2022-10-10 14:01:46,091:INFO:SubProcess create_model() called ==================================
2022-10-10 14:01:46,091:INFO:Initializing create_model()
2022-10-10 14:01:46,091:INFO:create_model(estimator=br, fold=KFold(n_splits=10, random_state=None, shuffle=False), round=4, cross_validation=True, predict=True, fit_kwargs={}, groups=None, refit=False, verbose=False, system=False, metrics=None, experiment_custom_tags=None, add_to_model_list=True, probability_threshold=None, display=<pycaret.internal.Display.Display object at 0x7f046065efa0>, return_train_score=False, kwargs={})
2022-10-10 14:01:46,092:INFO:Checking exceptions
2022-10-10 14:01:46,092:INFO:Importing libraries
2022-10-10 14:01:46,092:INFO:Copying training dataset
2022-10-10 14:01:46,093:INFO:Defining folds
2022-10-10 14:01:46,093:INFO:Declaring metric variables
2022-10-10 14:01:46,099:INFO:Importing untrained model
2022-10-10 14:01:46,104:INFO:Bayesian Ridge Imported succesfully
2022-10-10 14:01:46,117:INFO:Starting cross validation
2022-10-10 14:01:46,118:INFO:Cross validating with KFold(n_splits=10, random_state=None, shuffle=False), n_jobs=-1
2022-10-10 14:01:46,464:INFO:Calculating mean and std
2022-10-10 14:01:46,465:INFO:Creating metrics dataframe
2022-10-10 14:01:46,471:INFO:Uploading results into container
2022-10-10 14:01:46,471:INFO:Uploading model into container now
2022-10-10 14:01:46,471:INFO:create_model_container: 7
2022-10-10 14:01:46,471:INFO:master_model_container: 7
2022-10-10 14:01:46,471:INFO:display_container: 2
2022-10-10 14:01:46,471:INFO:BayesianRidge(alpha_1=1e-06, alpha_2=1e-06, alpha_init=None,
              compute_score=False, copy_X=True, fit_intercept=True,
              lambda_1=1e-06, lambda_2=1e-06, lambda_init=None, n_iter=300,
              normalize=False, tol=0.001, verbose=False)
2022-10-10 14:01:46,471:INFO:create_model() succesfully completed......................................
2022-10-10 14:01:46,595:INFO:SubProcess create_model() end ==================================
2022-10-10 14:01:46,595:INFO:Creating metrics dataframe
2022-10-10 14:01:46,604:INFO:Initializing Passive Aggressive Regressor
2022-10-10 14:01:46,604:INFO:Total runtime is 0.22854050000508624 minutes
2022-10-10 14:01:46,610:INFO:SubProcess create_model() called ==================================
2022-10-10 14:01:46,611:INFO:Initializing create_model()
2022-10-10 14:01:46,611:INFO:create_model(estimator=par, fold=KFold(n_splits=10, random_state=None, shuffle=False), round=4, cross_validation=True, predict=True, fit_kwargs={}, groups=None, refit=False, verbose=False, system=False, metrics=None, experiment_custom_tags=None, add_to_model_list=True, probability_threshold=None, display=<pycaret.internal.Display.Display object at 0x7f046065efa0>, return_train_score=False, kwargs={})
2022-10-10 14:01:46,611:INFO:Checking exceptions
2022-10-10 14:01:46,611:INFO:Importing libraries
2022-10-10 14:01:46,611:INFO:Copying training dataset
2022-10-10 14:01:46,612:INFO:Defining folds
2022-10-10 14:01:46,612:INFO:Declaring metric variables
2022-10-10 14:01:46,617:INFO:Importing untrained model
2022-10-10 14:01:46,622:INFO:Passive Aggressive Regressor Imported succesfully
2022-10-10 14:01:46,634:INFO:Starting cross validation
2022-10-10 14:01:46,634:INFO:Cross validating with KFold(n_splits=10, random_state=None, shuffle=False), n_jobs=-1
2022-10-10 14:01:46,803:INFO:Calculating mean and std
2022-10-10 14:01:46,804:INFO:Creating metrics dataframe
2022-10-10 14:01:46,808:INFO:Uploading results into container
2022-10-10 14:01:46,808:INFO:Uploading model into container now
2022-10-10 14:01:46,808:INFO:create_model_container: 8
2022-10-10 14:01:46,808:INFO:master_model_container: 8
2022-10-10 14:01:46,808:INFO:display_container: 2
2022-10-10 14:01:46,808:INFO:PassiveAggressiveRegressor(C=1.0, average=False, early_stopping=False,
                           epsilon=0.1, fit_intercept=True,
                           loss='epsilon_insensitive', max_iter=1000,
                           n_iter_no_change=5, random_state=504, shuffle=True,
                           tol=0.001, validation_fraction=0.1, verbose=0,
                           warm_start=False)
2022-10-10 14:01:46,808:INFO:create_model() succesfully completed......................................
2022-10-10 14:01:46,933:INFO:SubProcess create_model() end ==================================
2022-10-10 14:01:46,933:INFO:Creating metrics dataframe
2022-10-10 14:01:46,941:INFO:Initializing Huber Regressor
2022-10-10 14:01:46,941:INFO:Total runtime is 0.23415054082870482 minutes
2022-10-10 14:01:46,946:INFO:SubProcess create_model() called ==================================
2022-10-10 14:01:46,947:INFO:Initializing create_model()
2022-10-10 14:01:46,947:INFO:create_model(estimator=huber, fold=KFold(n_splits=10, random_state=None, shuffle=False), round=4, cross_validation=True, predict=True, fit_kwargs={}, groups=None, refit=False, verbose=False, system=False, metrics=None, experiment_custom_tags=None, add_to_model_list=True, probability_threshold=None, display=<pycaret.internal.Display.Display object at 0x7f046065efa0>, return_train_score=False, kwargs={})
2022-10-10 14:01:46,947:INFO:Checking exceptions
2022-10-10 14:01:46,947:INFO:Importing libraries
2022-10-10 14:01:46,947:INFO:Copying training dataset
2022-10-10 14:01:46,948:INFO:Defining folds
2022-10-10 14:01:46,948:INFO:Declaring metric variables
2022-10-10 14:01:46,953:INFO:Importing untrained model
2022-10-10 14:01:46,958:INFO:Huber Regressor Imported succesfully
2022-10-10 14:01:46,968:INFO:Starting cross validation
2022-10-10 14:01:46,969:INFO:Cross validating with KFold(n_splits=10, random_state=None, shuffle=False), n_jobs=-1
2022-10-10 14:01:48,053:INFO:Calculating mean and std
2022-10-10 14:01:48,054:INFO:Creating metrics dataframe
2022-10-10 14:01:48,058:INFO:Uploading results into container
2022-10-10 14:01:48,058:INFO:Uploading model into container now
2022-10-10 14:01:48,059:INFO:create_model_container: 9
2022-10-10 14:01:48,059:INFO:master_model_container: 9
2022-10-10 14:01:48,059:INFO:display_container: 2
2022-10-10 14:01:48,059:INFO:HuberRegressor(alpha=0.0001, epsilon=1.35, fit_intercept=True, max_iter=100,
               tol=1e-05, warm_start=False)
2022-10-10 14:01:48,059:INFO:create_model() succesfully completed......................................
2022-10-10 14:01:48,184:INFO:SubProcess create_model() end ==================================
2022-10-10 14:01:48,184:INFO:Creating metrics dataframe
2022-10-10 14:01:48,193:INFO:Initializing K Neighbors Regressor
2022-10-10 14:01:48,193:INFO:Total runtime is 0.2550157030423482 minutes
2022-10-10 14:01:48,199:INFO:SubProcess create_model() called ==================================
2022-10-10 14:01:48,200:INFO:Initializing create_model()
2022-10-10 14:01:48,200:INFO:create_model(estimator=knn, fold=KFold(n_splits=10, random_state=None, shuffle=False), round=4, cross_validation=True, predict=True, fit_kwargs={}, groups=None, refit=False, verbose=False, system=False, metrics=None, experiment_custom_tags=None, add_to_model_list=True, probability_threshold=None, display=<pycaret.internal.Display.Display object at 0x7f046065efa0>, return_train_score=False, kwargs={})
2022-10-10 14:01:48,200:INFO:Checking exceptions
2022-10-10 14:01:48,200:INFO:Importing libraries
2022-10-10 14:01:48,200:INFO:Copying training dataset
2022-10-10 14:01:48,201:INFO:Defining folds
2022-10-10 14:01:48,202:INFO:Declaring metric variables
2022-10-10 14:01:48,207:INFO:Importing untrained model
2022-10-10 14:01:48,213:INFO:K Neighbors Regressor Imported succesfully
2022-10-10 14:01:48,233:INFO:Starting cross validation
2022-10-10 14:01:48,233:INFO:Cross validating with KFold(n_splits=10, random_state=None, shuffle=False), n_jobs=-1
2022-10-10 14:01:48,362:INFO:Calculating mean and std
2022-10-10 14:01:48,363:INFO:Creating metrics dataframe
2022-10-10 14:01:48,367:INFO:Uploading results into container
2022-10-10 14:01:48,367:INFO:Uploading model into container now
2022-10-10 14:01:48,367:INFO:create_model_container: 10
2022-10-10 14:01:48,367:INFO:master_model_container: 10
2022-10-10 14:01:48,367:INFO:display_container: 2
2022-10-10 14:01:48,367:INFO:KNeighborsRegressor(algorithm='auto', leaf_size=30, metric='minkowski',
                    metric_params=None, n_jobs=-1, n_neighbors=5, p=2,
                    weights='uniform')
2022-10-10 14:01:48,368:INFO:create_model() succesfully completed......................................
2022-10-10 14:01:48,521:INFO:SubProcess create_model() end ==================================
2022-10-10 14:01:48,521:INFO:Creating metrics dataframe
2022-10-10 14:01:48,531:INFO:Initializing Decision Tree Regressor
2022-10-10 14:01:48,532:INFO:Total runtime is 0.2606607794761658 minutes
2022-10-10 14:01:48,537:INFO:SubProcess create_model() called ==================================
2022-10-10 14:01:48,538:INFO:Initializing create_model()
2022-10-10 14:01:48,538:INFO:create_model(estimator=dt, fold=KFold(n_splits=10, random_state=None, shuffle=False), round=4, cross_validation=True, predict=True, fit_kwargs={}, groups=None, refit=False, verbose=False, system=False, metrics=None, experiment_custom_tags=None, add_to_model_list=True, probability_threshold=None, display=<pycaret.internal.Display.Display object at 0x7f046065efa0>, return_train_score=False, kwargs={})
2022-10-10 14:01:48,538:INFO:Checking exceptions
2022-10-10 14:01:48,538:INFO:Importing libraries
2022-10-10 14:01:48,538:INFO:Copying training dataset
2022-10-10 14:01:48,540:INFO:Defining folds
2022-10-10 14:01:48,540:INFO:Declaring metric variables
2022-10-10 14:01:48,545:INFO:Importing untrained model
2022-10-10 14:01:48,551:INFO:Decision Tree Regressor Imported succesfully
2022-10-10 14:01:48,562:INFO:Starting cross validation
2022-10-10 14:01:48,563:INFO:Cross validating with KFold(n_splits=10, random_state=None, shuffle=False), n_jobs=-1
2022-10-10 14:01:48,729:INFO:Calculating mean and std
2022-10-10 14:01:48,730:INFO:Creating metrics dataframe
2022-10-10 14:01:48,734:INFO:Uploading results into container
2022-10-10 14:01:48,734:INFO:Uploading model into container now
2022-10-10 14:01:48,734:INFO:create_model_container: 11
2022-10-10 14:01:48,734:INFO:master_model_container: 11
2022-10-10 14:01:48,734:INFO:display_container: 2
2022-10-10 14:01:48,734:INFO:DecisionTreeRegressor(ccp_alpha=0.0, criterion='mse', max_depth=None,
                      max_features=None, max_leaf_nodes=None,
                      min_impurity_decrease=0.0, min_impurity_split=None,
                      min_samples_leaf=1, min_samples_split=2,
                      min_weight_fraction_leaf=0.0, presort='deprecated',
                      random_state=504, splitter='best')
2022-10-10 14:01:48,734:INFO:create_model() succesfully completed......................................
2022-10-10 14:01:48,861:INFO:SubProcess create_model() end ==================================
2022-10-10 14:01:48,861:INFO:Creating metrics dataframe
2022-10-10 14:01:48,873:INFO:Initializing Random Forest Regressor
2022-10-10 14:01:48,874:INFO:Total runtime is 0.2663606643676758 minutes
2022-10-10 14:01:48,881:INFO:SubProcess create_model() called ==================================
2022-10-10 14:01:48,881:INFO:Initializing create_model()
2022-10-10 14:01:48,881:INFO:create_model(estimator=rf, fold=KFold(n_splits=10, random_state=None, shuffle=False), round=4, cross_validation=True, predict=True, fit_kwargs={}, groups=None, refit=False, verbose=False, system=False, metrics=None, experiment_custom_tags=None, add_to_model_list=True, probability_threshold=None, display=<pycaret.internal.Display.Display object at 0x7f046065efa0>, return_train_score=False, kwargs={})
2022-10-10 14:01:48,881:INFO:Checking exceptions
2022-10-10 14:01:48,881:INFO:Importing libraries
2022-10-10 14:01:48,881:INFO:Copying training dataset
2022-10-10 14:01:48,883:INFO:Defining folds
2022-10-10 14:01:48,883:INFO:Declaring metric variables
2022-10-10 14:01:48,888:INFO:Importing untrained model
2022-10-10 14:01:48,893:INFO:Random Forest Regressor Imported succesfully
2022-10-10 14:01:48,903:INFO:Starting cross validation
2022-10-10 14:01:48,903:INFO:Cross validating with KFold(n_splits=10, random_state=None, shuffle=False), n_jobs=-1
2022-10-10 14:01:51,031:INFO:Calculating mean and std
2022-10-10 14:01:51,032:INFO:Creating metrics dataframe
2022-10-10 14:01:51,038:INFO:Uploading results into container
2022-10-10 14:01:51,038:INFO:Uploading model into container now
2022-10-10 14:01:51,038:INFO:create_model_container: 12
2022-10-10 14:01:51,038:INFO:master_model_container: 12
2022-10-10 14:01:51,038:INFO:display_container: 2
2022-10-10 14:01:51,038:INFO:RandomForestRegressor(bootstrap=True, ccp_alpha=0.0, criterion='mse',
                      max_depth=None, max_features='auto', max_leaf_nodes=None,
                      max_samples=None, min_impurity_decrease=0.0,
                      min_impurity_split=None, min_samples_leaf=1,
                      min_samples_split=2, min_weight_fraction_leaf=0.0,
                      n_estimators=100, n_jobs=-1, oob_score=False,
                      random_state=504, verbose=0, warm_start=False)
2022-10-10 14:01:51,038:INFO:create_model() succesfully completed......................................
2022-10-10 14:01:51,165:INFO:SubProcess create_model() end ==================================
2022-10-10 14:01:51,165:INFO:Creating metrics dataframe
2022-10-10 14:01:51,174:INFO:Initializing Extra Trees Regressor
2022-10-10 14:01:51,174:INFO:Total runtime is 0.3047051151593526 minutes
2022-10-10 14:01:51,180:INFO:SubProcess create_model() called ==================================
2022-10-10 14:01:51,181:INFO:Initializing create_model()
2022-10-10 14:01:51,181:INFO:create_model(estimator=et, fold=KFold(n_splits=10, random_state=None, shuffle=False), round=4, cross_validation=True, predict=True, fit_kwargs={}, groups=None, refit=False, verbose=False, system=False, metrics=None, experiment_custom_tags=None, add_to_model_list=True, probability_threshold=None, display=<pycaret.internal.Display.Display object at 0x7f046065efa0>, return_train_score=False, kwargs={})
2022-10-10 14:01:51,181:INFO:Checking exceptions
2022-10-10 14:01:51,181:INFO:Importing libraries
2022-10-10 14:01:51,181:INFO:Copying training dataset
2022-10-10 14:01:51,183:INFO:Defining folds
2022-10-10 14:01:51,183:INFO:Declaring metric variables
2022-10-10 14:01:51,189:INFO:Importing untrained model
2022-10-10 14:01:51,195:INFO:Extra Trees Regressor Imported succesfully
2022-10-10 14:01:51,211:INFO:Starting cross validation
2022-10-10 14:01:51,211:INFO:Cross validating with KFold(n_splits=10, random_state=None, shuffle=False), n_jobs=-1
2022-10-10 14:01:53,312:INFO:Calculating mean and std
2022-10-10 14:01:53,313:INFO:Creating metrics dataframe
2022-10-10 14:01:53,317:INFO:Uploading results into container
2022-10-10 14:01:53,318:INFO:Uploading model into container now
2022-10-10 14:01:53,318:INFO:create_model_container: 13
2022-10-10 14:01:53,318:INFO:master_model_container: 13
2022-10-10 14:01:53,318:INFO:display_container: 2
2022-10-10 14:01:53,318:INFO:ExtraTreesRegressor(bootstrap=False, ccp_alpha=0.0, criterion='mse',
                    max_depth=None, max_features='auto', max_leaf_nodes=None,
                    max_samples=None, min_impurity_decrease=0.0,
                    min_impurity_split=None, min_samples_leaf=1,
                    min_samples_split=2, min_weight_fraction_leaf=0.0,
                    n_estimators=100, n_jobs=-1, oob_score=False,
                    random_state=504, verbose=0, warm_start=False)
2022-10-10 14:01:53,319:INFO:create_model() succesfully completed......................................
2022-10-10 14:01:53,461:INFO:SubProcess create_model() end ==================================
2022-10-10 14:01:53,461:INFO:Creating metrics dataframe
2022-10-10 14:01:53,471:INFO:Initializing AdaBoost Regressor
2022-10-10 14:01:53,471:INFO:Total runtime is 0.3429911454518636 minutes
2022-10-10 14:01:53,479:INFO:SubProcess create_model() called ==================================
2022-10-10 14:01:53,480:INFO:Initializing create_model()
2022-10-10 14:01:53,480:INFO:create_model(estimator=ada, fold=KFold(n_splits=10, random_state=None, shuffle=False), round=4, cross_validation=True, predict=True, fit_kwargs={}, groups=None, refit=False, verbose=False, system=False, metrics=None, experiment_custom_tags=None, add_to_model_list=True, probability_threshold=None, display=<pycaret.internal.Display.Display object at 0x7f046065efa0>, return_train_score=False, kwargs={})
2022-10-10 14:01:53,480:INFO:Checking exceptions
2022-10-10 14:01:53,480:INFO:Importing libraries
2022-10-10 14:01:53,480:INFO:Copying training dataset
2022-10-10 14:01:53,481:INFO:Defining folds
2022-10-10 14:01:53,481:INFO:Declaring metric variables
2022-10-10 14:01:53,487:INFO:Importing untrained model
2022-10-10 14:01:53,493:INFO:AdaBoost Regressor Imported succesfully
2022-10-10 14:01:53,505:INFO:Starting cross validation
2022-10-10 14:01:53,506:INFO:Cross validating with KFold(n_splits=10, random_state=None, shuffle=False), n_jobs=-1
2022-10-10 14:01:54,218:INFO:Calculating mean and std
2022-10-10 14:01:54,219:INFO:Creating metrics dataframe
2022-10-10 14:01:54,222:INFO:Uploading results into container
2022-10-10 14:01:54,223:INFO:Uploading model into container now
2022-10-10 14:01:54,223:INFO:create_model_container: 14
2022-10-10 14:01:54,223:INFO:master_model_container: 14
2022-10-10 14:01:54,223:INFO:display_container: 2
2022-10-10 14:01:54,223:INFO:AdaBoostRegressor(base_estimator=None, learning_rate=1.0, loss='linear',
                  n_estimators=50, random_state=504)
2022-10-10 14:01:54,223:INFO:create_model() succesfully completed......................................
2022-10-10 14:01:54,353:INFO:SubProcess create_model() end ==================================
2022-10-10 14:01:54,353:INFO:Creating metrics dataframe
2022-10-10 14:01:54,364:INFO:Initializing Gradient Boosting Regressor
2022-10-10 14:01:54,365:INFO:Total runtime is 0.357876181602478 minutes
2022-10-10 14:01:54,372:INFO:SubProcess create_model() called ==================================
2022-10-10 14:01:54,372:INFO:Initializing create_model()
2022-10-10 14:01:54,372:INFO:create_model(estimator=gbr, fold=KFold(n_splits=10, random_state=None, shuffle=False), round=4, cross_validation=True, predict=True, fit_kwargs={}, groups=None, refit=False, verbose=False, system=False, metrics=None, experiment_custom_tags=None, add_to_model_list=True, probability_threshold=None, display=<pycaret.internal.Display.Display object at 0x7f046065efa0>, return_train_score=False, kwargs={})
2022-10-10 14:01:54,372:INFO:Checking exceptions
2022-10-10 14:01:54,372:INFO:Importing libraries
2022-10-10 14:01:54,372:INFO:Copying training dataset
2022-10-10 14:01:54,374:INFO:Defining folds
2022-10-10 14:01:54,374:INFO:Declaring metric variables
2022-10-10 14:01:54,380:INFO:Importing untrained model
2022-10-10 14:01:54,385:INFO:Gradient Boosting Regressor Imported succesfully
2022-10-10 14:01:54,399:INFO:Starting cross validation
2022-10-10 14:01:54,399:INFO:Cross validating with KFold(n_splits=10, random_state=None, shuffle=False), n_jobs=-1
2022-10-10 14:01:55,441:INFO:Calculating mean and std
2022-10-10 14:01:55,442:INFO:Creating metrics dataframe
2022-10-10 14:01:55,447:INFO:Uploading results into container
2022-10-10 14:01:55,448:INFO:Uploading model into container now
2022-10-10 14:01:55,448:INFO:create_model_container: 15
2022-10-10 14:01:55,448:INFO:master_model_container: 15
2022-10-10 14:01:55,448:INFO:display_container: 2
2022-10-10 14:01:55,448:INFO:GradientBoostingRegressor(alpha=0.9, ccp_alpha=0.0, criterion='friedman_mse',
                          init=None, learning_rate=0.1, loss='ls', max_depth=3,
                          max_features=None, max_leaf_nodes=None,
                          min_impurity_decrease=0.0, min_impurity_split=None,
                          min_samples_leaf=1, min_samples_split=2,
                          min_weight_fraction_leaf=0.0, n_estimators=100,
                          n_iter_no_change=None, presort='deprecated',
                          random_state=504, subsample=1.0, tol=0.0001,
                          validation_fraction=0.1, verbose=0, warm_start=False)
2022-10-10 14:01:55,448:INFO:create_model() succesfully completed......................................
2022-10-10 14:01:55,583:INFO:SubProcess create_model() end ==================================
2022-10-10 14:01:55,583:INFO:Creating metrics dataframe
2022-10-10 14:01:55,593:INFO:Initializing Extreme Gradient Boosting
2022-10-10 14:01:55,593:INFO:Total runtime is 0.3783576011657715 minutes
2022-10-10 14:01:55,600:INFO:SubProcess create_model() called ==================================
2022-10-10 14:01:55,600:INFO:Initializing create_model()
2022-10-10 14:01:55,601:INFO:create_model(estimator=xgboost, fold=KFold(n_splits=10, random_state=None, shuffle=False), round=4, cross_validation=True, predict=True, fit_kwargs={}, groups=None, refit=False, verbose=False, system=False, metrics=None, experiment_custom_tags=None, add_to_model_list=True, probability_threshold=None, display=<pycaret.internal.Display.Display object at 0x7f046065efa0>, return_train_score=False, kwargs={})
2022-10-10 14:01:55,601:INFO:Checking exceptions
2022-10-10 14:01:55,601:INFO:Importing libraries
2022-10-10 14:01:55,601:INFO:Copying training dataset
2022-10-10 14:01:55,602:INFO:Defining folds
2022-10-10 14:01:55,602:INFO:Declaring metric variables
2022-10-10 14:01:55,608:INFO:Importing untrained model
2022-10-10 14:01:55,615:INFO:Extreme Gradient Boosting Imported succesfully
2022-10-10 14:01:55,629:INFO:Starting cross validation
2022-10-10 14:01:55,631:INFO:Cross validating with KFold(n_splits=10, random_state=None, shuffle=False), n_jobs=-1
2022-10-10 14:01:57,541:INFO:Calculating mean and std
2022-10-10 14:01:57,542:INFO:Creating metrics dataframe
2022-10-10 14:01:57,547:INFO:Uploading results into container
2022-10-10 14:01:57,547:INFO:Uploading model into container now
2022-10-10 14:01:57,547:INFO:create_model_container: 16
2022-10-10 14:01:57,547:INFO:master_model_container: 16
2022-10-10 14:01:57,547:INFO:display_container: 2
2022-10-10 14:01:57,548:INFO:XGBRegressor(base_score=None, booster='gbtree', callbacks=None,
             colsample_bylevel=None, colsample_bynode=None,
             colsample_bytree=None, early_stopping_rounds=None,
             enable_categorical=False, eval_metric=None, gamma=None,
             gpu_id=None, grow_policy=None, importance_type=None,
             interaction_constraints=None, learning_rate=None, max_bin=None,
             max_cat_to_onehot=None, max_delta_step=None, max_depth=None,
             max_leaves=None, min_child_weight=None, missing=nan,
             monotone_constraints=None, n_estimators=100, n_jobs=-1,
             num_parallel_tree=None, objective='reg:squarederror',
             predictor=None, random_state=504, reg_alpha=None, ...)
2022-10-10 14:01:57,548:INFO:create_model() succesfully completed......................................
2022-10-10 14:01:57,681:INFO:SubProcess create_model() end ==================================
2022-10-10 14:01:57,681:INFO:Creating metrics dataframe
2022-10-10 14:01:57,691:INFO:Initializing Light Gradient Boosting Machine
2022-10-10 14:01:57,691:INFO:Total runtime is 0.4133138457934062 minutes
2022-10-10 14:01:57,697:INFO:SubProcess create_model() called ==================================
2022-10-10 14:01:57,697:INFO:Initializing create_model()
2022-10-10 14:01:57,697:INFO:create_model(estimator=lightgbm, fold=KFold(n_splits=10, random_state=None, shuffle=False), round=4, cross_validation=True, predict=True, fit_kwargs={}, groups=None, refit=False, verbose=False, system=False, metrics=None, experiment_custom_tags=None, add_to_model_list=True, probability_threshold=None, display=<pycaret.internal.Display.Display object at 0x7f046065efa0>, return_train_score=False, kwargs={})
2022-10-10 14:01:57,697:INFO:Checking exceptions
2022-10-10 14:01:57,697:INFO:Importing libraries
2022-10-10 14:01:57,698:INFO:Copying training dataset
2022-10-10 14:01:57,699:INFO:Defining folds
2022-10-10 14:01:57,699:INFO:Declaring metric variables
2022-10-10 14:01:57,704:INFO:Importing untrained model
2022-10-10 14:01:57,710:INFO:Light Gradient Boosting Machine Imported succesfully
2022-10-10 14:01:57,722:INFO:Starting cross validation
2022-10-10 14:01:57,723:INFO:Cross validating with KFold(n_splits=10, random_state=None, shuffle=False), n_jobs=-1
2022-10-10 14:01:58,146:INFO:Calculating mean and std
2022-10-10 14:01:58,147:INFO:Creating metrics dataframe
2022-10-10 14:01:58,151:INFO:Uploading results into container
2022-10-10 14:01:58,151:INFO:Uploading model into container now
2022-10-10 14:01:58,152:INFO:create_model_container: 17
2022-10-10 14:01:58,152:INFO:master_model_container: 17
2022-10-10 14:01:58,152:INFO:display_container: 2
2022-10-10 14:01:58,152:INFO:LGBMRegressor(boosting_type='gbdt', class_weight=None, colsample_bytree=1.0,
              importance_type='split', learning_rate=0.1, max_depth=-1,
              min_child_samples=20, min_child_weight=0.001, min_split_gain=0.0,
              n_estimators=100, n_jobs=-1, num_leaves=31, objective=None,
              random_state=504, reg_alpha=0.0, reg_lambda=0.0, silent='warn',
              subsample=1.0, subsample_for_bin=200000, subsample_freq=0)
2022-10-10 14:01:58,152:INFO:create_model() succesfully completed......................................
2022-10-10 14:01:58,273:INFO:SubProcess create_model() end ==================================
2022-10-10 14:01:58,273:INFO:Creating metrics dataframe
2022-10-10 14:01:58,284:INFO:Initializing CatBoost Regressor
2022-10-10 14:01:58,284:INFO:Total runtime is 0.4231956799825033 minutes
2022-10-10 14:01:58,289:INFO:SubProcess create_model() called ==================================
2022-10-10 14:01:58,290:INFO:Initializing create_model()
2022-10-10 14:01:58,290:INFO:create_model(estimator=catboost, fold=KFold(n_splits=10, random_state=None, shuffle=False), round=4, cross_validation=True, predict=True, fit_kwargs={}, groups=None, refit=False, verbose=False, system=False, metrics=None, experiment_custom_tags=None, add_to_model_list=True, probability_threshold=None, display=<pycaret.internal.Display.Display object at 0x7f046065efa0>, return_train_score=False, kwargs={})
2022-10-10 14:01:58,290:INFO:Checking exceptions
2022-10-10 14:01:58,290:INFO:Importing libraries
2022-10-10 14:01:58,290:INFO:Copying training dataset
2022-10-10 14:01:58,291:INFO:Defining folds
2022-10-10 14:01:58,291:INFO:Declaring metric variables
2022-10-10 14:01:58,297:INFO:Importing untrained model
2022-10-10 14:01:58,303:INFO:CatBoost Regressor Imported succesfully
2022-10-10 14:01:58,312:INFO:Starting cross validation
2022-10-10 14:01:58,314:INFO:Cross validating with KFold(n_splits=10, random_state=None, shuffle=False), n_jobs=-1
2022-10-10 14:03:22,888:INFO:Calculating mean and std
2022-10-10 14:03:22,889:INFO:Creating metrics dataframe
2022-10-10 14:03:22,894:INFO:Uploading results into container
2022-10-10 14:03:22,894:INFO:Uploading model into container now
2022-10-10 14:03:22,894:INFO:create_model_container: 18
2022-10-10 14:03:22,894:INFO:master_model_container: 18
2022-10-10 14:03:22,894:INFO:display_container: 2
2022-10-10 14:03:22,895:INFO:<catboost.core.CatBoostRegressor object at 0x7f045cbb5790>
2022-10-10 14:03:22,895:INFO:create_model() succesfully completed......................................
2022-10-10 14:03:23,037:INFO:SubProcess create_model() end ==================================
2022-10-10 14:03:23,037:INFO:Creating metrics dataframe
2022-10-10 14:03:23,048:INFO:Initializing Dummy Regressor
2022-10-10 14:03:23,048:INFO:Total runtime is 1.8359356999397276 minutes
2022-10-10 14:03:23,055:INFO:SubProcess create_model() called ==================================
2022-10-10 14:03:23,055:INFO:Initializing create_model()
2022-10-10 14:03:23,055:INFO:create_model(estimator=dummy, fold=KFold(n_splits=10, random_state=None, shuffle=False), round=4, cross_validation=True, predict=True, fit_kwargs={}, groups=None, refit=False, verbose=False, system=False, metrics=None, experiment_custom_tags=None, add_to_model_list=True, probability_threshold=None, display=<pycaret.internal.Display.Display object at 0x7f046065efa0>, return_train_score=False, kwargs={})
2022-10-10 14:03:23,055:INFO:Checking exceptions
2022-10-10 14:03:23,055:INFO:Importing libraries
2022-10-10 14:03:23,055:INFO:Copying training dataset
2022-10-10 14:03:23,057:INFO:Defining folds
2022-10-10 14:03:23,057:INFO:Declaring metric variables
2022-10-10 14:03:23,063:INFO:Importing untrained model
2022-10-10 14:03:23,069:INFO:Dummy Regressor Imported succesfully
2022-10-10 14:03:23,081:INFO:Starting cross validation
2022-10-10 14:03:23,082:INFO:Cross validating with KFold(n_splits=10, random_state=None, shuffle=False), n_jobs=-1
2022-10-10 14:03:23,228:INFO:Calculating mean and std
2022-10-10 14:03:23,229:INFO:Creating metrics dataframe
2022-10-10 14:03:23,233:INFO:Uploading results into container
2022-10-10 14:03:23,233:INFO:Uploading model into container now
2022-10-10 14:03:23,233:INFO:create_model_container: 19
2022-10-10 14:03:23,234:INFO:master_model_container: 19
2022-10-10 14:03:23,234:INFO:display_container: 2
2022-10-10 14:03:23,234:INFO:DummyRegressor(constant=None, quantile=None, strategy='mean')
2022-10-10 14:03:23,234:INFO:create_model() succesfully completed......................................
2022-10-10 14:03:23,363:INFO:SubProcess create_model() end ==================================
2022-10-10 14:03:23,363:INFO:Creating metrics dataframe
2022-10-10 14:03:23,389:INFO:Initializing create_model()
2022-10-10 14:03:23,389:INFO:create_model(estimator=<catboost.core.CatBoostRegressor object at 0x7f045cbb5790>, fold=KFold(n_splits=10, random_state=None, shuffle=False), round=4, cross_validation=False, predict=False, fit_kwargs={}, groups=None, refit=True, verbose=False, system=False, metrics=None, experiment_custom_tags=None, add_to_model_list=True, probability_threshold=None, display=None, return_train_score=False, kwargs={})
2022-10-10 14:03:23,389:INFO:Checking exceptions
2022-10-10 14:03:23,389:INFO:Importing libraries
2022-10-10 14:03:23,389:INFO:Copying training dataset
2022-10-10 14:03:23,390:INFO:Defining folds
2022-10-10 14:03:23,390:INFO:Declaring metric variables
2022-10-10 14:03:23,390:INFO:Importing untrained model
2022-10-10 14:03:23,390:INFO:Declaring custom model
2022-10-10 14:03:23,391:INFO:CatBoost Regressor Imported succesfully
2022-10-10 14:03:23,391:INFO:Cross validation set to False
2022-10-10 14:03:23,391:INFO:Fitting Model
2022-10-10 14:03:26,544:INFO:<catboost.core.CatBoostRegressor object at 0x7f04605eb580>
2022-10-10 14:03:26,544:INFO:create_models() succesfully completed......................................
2022-10-10 14:03:26,744:INFO:create_model_container: 19
2022-10-10 14:03:26,744:INFO:master_model_container: 19
2022-10-10 14:03:26,744:INFO:display_container: 2
2022-10-10 14:03:26,744:INFO:<catboost.core.CatBoostRegressor object at 0x7f04605eb580>
2022-10-10 14:03:26,744:INFO:compare_models() succesfully completed......................................
2022-10-10 19:21:43,333:INFO:PyCaret Supervised Module
2022-10-10 19:21:43,334:INFO:ML Usecase: regression
2022-10-10 19:21:43,334:INFO:version 2.3.10
2022-10-10 19:21:43,334:INFO:Initializing setup()
2022-10-10 19:21:43,334:INFO:setup(target=SalePrice, ml_usecase=regression, available_plots={'parameter': 'Hyperparameters', 'residuals': 'Residuals', 'error': 'Prediction Error', 'cooks': 'Cooks Distance', 'rfe': 'Feature Selection', 'learning': 'Learning Curve', 'manifold': 'Manifold Learning', 'vc': 'Validation Curve', 'feature': 'Feature Importance', 'feature_all': 'Feature Importance (All)', 'tree': 'Decision Tree', 'residuals_interactive': 'Interactive Residuals'}, train_size=0.7, test_data=None, preprocess=True, imputation_type=simple, iterative_imputation_iters=5, categorical_features=None, categorical_imputation=constant, categorical_iterative_imputer=lightgbm, ordinal_features=None, high_cardinality_features=None, high_cardinality_method=frequency, numeric_features=None, numeric_imputation=mean, numeric_iterative_imputer=lightgbm, date_features=None, ignore_features=None, normalize=False, normalize_method=zscore, transformation=False, transformation_method=yeo-johnson, handle_unknown_categorical=True, unknown_categorical_method=least_frequent, pca=False, pca_method=linear, pca_components=None, ignore_low_variance=False, combine_rare_levels=False, rare_level_threshold=0.1, bin_numeric_features=None, remove_outliers=False, outliers_threshold=0.05, remove_multicollinearity=False, multicollinearity_threshold=0.9, remove_perfect_collinearity=True, create_clusters=False, cluster_iter=20, polynomial_features=False, polynomial_degree=2, trigonometry_features=False, polynomial_threshold=0.1, group_features=None, group_names=None, feature_selection=False, feature_selection_threshold=0.8, feature_selection_method=classic, feature_interaction=False, feature_ratio=False, interaction_threshold=0.01, fix_imbalance=False, fix_imbalance_method=None, transform_target=False, transform_target_method=box-cox, data_split_shuffle=True, data_split_stratify=False, fold_strategy=kfold, fold=10, fold_shuffle=False, fold_groups=None, n_jobs=-1, use_gpu=False, custom_pipeline=None, html=True, session_id=None, log_experiment=False, experiment_name=None, experiment_custom_tags=None, log_plots=False, log_profile=False, log_data=False, silent=False, verbose=True, profile=False, profile_kwargs=None, display=None)
2022-10-10 19:21:43,334:INFO:Checking environment
2022-10-10 19:21:43,334:INFO:python_version: 3.8.13
2022-10-10 19:21:43,334:INFO:python_build: ('default', 'Mar 28 2022 11:38:47')
2022-10-10 19:21:43,334:INFO:machine: x86_64
2022-10-10 19:21:43,334:INFO:platform: Linux-5.10.102.1-microsoft-standard-WSL2-x86_64-with-glibc2.17
2022-10-10 19:21:43,346:INFO:Memory: svmem(total=7992418304, available=6644305920, percent=16.9, used=1055010816, free=2021367808, active=878755840, inactive=4425453568, buffers=218288128, cached=4697751552, shared=286720, slab=429535232)
2022-10-10 19:21:43,352:INFO:Physical Core: 6
2022-10-10 19:21:43,352:INFO:Logical Core: 12
2022-10-10 19:21:43,352:INFO:Checking libraries
2022-10-10 19:21:43,352:INFO:pd==1.4.4
2022-10-10 19:21:43,352:INFO:numpy==1.20.3
2022-10-10 19:21:43,352:INFO:sklearn==0.23.2
2022-10-10 19:21:43,353:INFO:lightgbm==3.3.2
2022-10-10 19:21:43,353:INFO:catboost==1.1
2022-10-10 19:21:43,353:INFO:xgboost==1.6.2
2022-10-10 19:21:43,353:INFO:mlflow==1.29.0
2022-10-10 19:21:43,353:INFO:Checking Exceptions
2022-10-10 19:21:43,353:INFO:Declaring global variables
2022-10-10 19:21:43,353:INFO:USI: 8d91
2022-10-10 19:21:43,353:INFO:pycaret_globals: {'seed', 'USI', 'display_container', 'fold_param', 'X_train', 'y_test', 'fold_groups_param', '_ml_usecase', '_gpu_n_jobs_param', '_all_models_internal', '_all_metrics', 'X', 'fix_imbalance_param', '_all_models', 'n_jobs_param', 'transform_target_method_param', 'transform_target_param', 'html_param', 'logging_param', 'target_param', 'fold_generator', 'y', 'gpu_param', 'dashboard_logger', 'y_train', 'master_model_container', 'pycaret_globals', 'data_before_preprocess', '_internal_pipeline', 'log_plots_param', 'fold_shuffle_param', 'exp_name_log', 'create_model_container', 'imputation_regressor', 'iterative_imputation_iters_param', 'X_test', '_available_plots', 'imputation_classifier', 'fold_groups_param_full', 'fix_imbalance_method_param', 'stratify_param', 'prep_pipe', 'experiment__'}
2022-10-10 19:21:43,353:INFO:Preparing display monitor
2022-10-10 19:21:43,353:INFO:Preparing display monitor
2022-10-10 19:21:43,372:INFO:Importing libraries
2022-10-10 19:21:43,372:INFO:Copying data for preprocessing
2022-10-10 19:21:43,381:INFO:Declaring preprocessing parameters
2022-10-10 19:21:43,384:INFO:Creating preprocessing pipeline
2022-10-10 19:21:43,479:INFO:Preprocessing pipeline created successfully
2022-10-10 19:21:43,480:ERROR:(Process Exit): setup has been interupted with user command 'quit'. setup must rerun.
2022-10-10 19:21:43,480:INFO:Creating global containers
2022-10-10 19:21:43,481:INFO:Internal pipeline: Pipeline(memory=None, steps=[('empty_step', 'passthrough')], verbose=False)
2022-10-10 19:21:50,030:INFO:Creating grid variables
2022-10-10 19:21:50,041:INFO:create_model_container: 0
2022-10-10 19:21:50,042:INFO:master_model_container: 0
2022-10-10 19:21:50,042:INFO:display_container: 1
2022-10-10 19:21:50,045:INFO:Pipeline(memory=None,
         steps=[('dtypes',
                 DataTypes_Auto_infer(categorical_features=[],
                                      display_types=True, features_todrop=[],
                                      id_columns=[], ml_usecase='regression',
                                      numerical_features=[], target='SalePrice',
                                      time_features=[])),
                ('imputer',
                 Simple_Imputer(categorical_strategy='not_available',
                                fill_value_categorical=None,
                                fill_value_numerical=None,
                                numeric_strate...
                ('scaling', 'passthrough'), ('P_transform', 'passthrough'),
                ('binn', 'passthrough'), ('rem_outliers', 'passthrough'),
                ('cluster_all', 'passthrough'),
                ('dummy', Dummify(target='SalePrice')),
                ('fix_perfect', Remove_100(target='SalePrice')),
                ('clean_names', Clean_Colum_Names()),
                ('feature_select', 'passthrough'), ('fix_multi', 'passthrough'),
                ('dfs', 'passthrough'), ('pca', 'passthrough')],
         verbose=False)
2022-10-10 19:21:50,045:INFO:setup() succesfully completed......................................
2022-10-10 19:22:12,919:INFO:Initializing compare_models()
2022-10-10 19:22:12,919:INFO:compare_models(include=None, fold=None, round=4, cross_validation=True, sort=R2, n_select=1, budget_time=None, turbo=True, errors=ignore, fit_kwargs=None, groups=None, experiment_custom_tags=None, probability_threshold=None, verbose=True, display=None, exclude=None)
2022-10-10 19:22:12,919:INFO:Checking exceptions
2022-10-10 19:22:12,920:INFO:Preparing display monitor
2022-10-10 19:22:12,920:INFO:Preparing display monitor
2022-10-10 19:22:12,939:INFO:Initializing Linear Regression
2022-10-10 19:22:12,939:INFO:Total runtime is 4.438559214274089e-06 minutes
2022-10-10 19:22:12,946:INFO:SubProcess create_model() called ==================================
2022-10-10 19:22:12,947:INFO:Initializing create_model()
2022-10-10 19:22:12,947:INFO:create_model(estimator=lr, fold=KFold(n_splits=10, random_state=None, shuffle=False), round=4, cross_validation=True, predict=True, fit_kwargs={}, groups=None, refit=False, verbose=False, system=False, metrics=None, experiment_custom_tags=None, add_to_model_list=True, probability_threshold=None, display=<pycaret.internal.Display.Display object at 0x7f665fc7c730>, return_train_score=False, kwargs={})
2022-10-10 19:22:12,947:INFO:Checking exceptions
2022-10-10 19:22:12,947:INFO:Importing libraries
2022-10-10 19:22:12,947:INFO:Copying training dataset
2022-10-10 19:22:12,948:INFO:Defining folds
2022-10-10 19:22:12,949:INFO:Declaring metric variables
2022-10-10 19:22:12,954:INFO:Importing untrained model
2022-10-10 19:22:12,962:INFO:Linear Regression Imported succesfully
2022-10-10 19:22:12,973:INFO:Starting cross validation
2022-10-10 19:22:12,978:INFO:Cross validating with KFold(n_splits=10, random_state=None, shuffle=False), n_jobs=-1
2022-10-10 19:22:15,766:INFO:Calculating mean and std
2022-10-10 19:22:15,767:INFO:Creating metrics dataframe
2022-10-10 19:22:15,774:INFO:Uploading results into container
2022-10-10 19:22:15,774:INFO:Uploading model into container now
2022-10-10 19:22:15,774:INFO:create_model_container: 1
2022-10-10 19:22:15,774:INFO:master_model_container: 1
2022-10-10 19:22:15,774:INFO:display_container: 2
2022-10-10 19:22:15,774:INFO:LinearRegression(copy_X=True, fit_intercept=True, n_jobs=-1, normalize=False)
2022-10-10 19:22:15,774:INFO:create_model() succesfully completed......................................
2022-10-10 19:22:16,045:INFO:SubProcess create_model() end ==================================
2022-10-10 19:22:16,045:INFO:Creating metrics dataframe
2022-10-10 19:22:16,054:INFO:Initializing Lasso Regression
2022-10-10 19:22:16,054:INFO:Total runtime is 0.051913686593373615 minutes
2022-10-10 19:22:16,060:INFO:SubProcess create_model() called ==================================
2022-10-10 19:22:16,060:INFO:Initializing create_model()
2022-10-10 19:22:16,060:INFO:create_model(estimator=lasso, fold=KFold(n_splits=10, random_state=None, shuffle=False), round=4, cross_validation=True, predict=True, fit_kwargs={}, groups=None, refit=False, verbose=False, system=False, metrics=None, experiment_custom_tags=None, add_to_model_list=True, probability_threshold=None, display=<pycaret.internal.Display.Display object at 0x7f665fc7c730>, return_train_score=False, kwargs={})
2022-10-10 19:22:16,060:INFO:Checking exceptions
2022-10-10 19:22:16,060:INFO:Importing libraries
2022-10-10 19:22:16,061:INFO:Copying training dataset
2022-10-10 19:22:16,064:INFO:Defining folds
2022-10-10 19:22:16,064:INFO:Declaring metric variables
2022-10-10 19:22:16,069:INFO:Importing untrained model
2022-10-10 19:22:16,074:INFO:Lasso Regression Imported succesfully
2022-10-10 19:22:16,084:INFO:Starting cross validation
2022-10-10 19:22:16,085:INFO:Cross validating with KFold(n_splits=10, random_state=None, shuffle=False), n_jobs=-1
2022-10-10 19:22:17,272:INFO:Calculating mean and std
2022-10-10 19:22:17,273:INFO:Creating metrics dataframe
2022-10-10 19:22:17,278:INFO:Uploading results into container
2022-10-10 19:22:17,278:INFO:Uploading model into container now
2022-10-10 19:22:17,278:INFO:create_model_container: 2
2022-10-10 19:22:17,278:INFO:master_model_container: 2
2022-10-10 19:22:17,279:INFO:display_container: 2
2022-10-10 19:22:17,279:INFO:Lasso(alpha=1.0, copy_X=True, fit_intercept=True, max_iter=1000,
      normalize=False, positive=False, precompute=False, random_state=2790,
      selection='cyclic', tol=0.0001, warm_start=False)
2022-10-10 19:22:17,279:INFO:create_model() succesfully completed......................................
2022-10-10 19:22:17,515:INFO:SubProcess create_model() end ==================================
2022-10-10 19:22:17,515:INFO:Creating metrics dataframe
2022-10-10 19:22:17,524:INFO:Initializing Ridge Regression
2022-10-10 19:22:17,524:INFO:Total runtime is 0.07642612059911091 minutes
2022-10-10 19:22:17,530:INFO:SubProcess create_model() called ==================================
2022-10-10 19:22:17,530:INFO:Initializing create_model()
2022-10-10 19:22:17,530:INFO:create_model(estimator=ridge, fold=KFold(n_splits=10, random_state=None, shuffle=False), round=4, cross_validation=True, predict=True, fit_kwargs={}, groups=None, refit=False, verbose=False, system=False, metrics=None, experiment_custom_tags=None, add_to_model_list=True, probability_threshold=None, display=<pycaret.internal.Display.Display object at 0x7f665fc7c730>, return_train_score=False, kwargs={})
2022-10-10 19:22:17,530:INFO:Checking exceptions
2022-10-10 19:22:17,530:INFO:Importing libraries
2022-10-10 19:22:17,530:INFO:Copying training dataset
2022-10-10 19:22:17,532:INFO:Defining folds
2022-10-10 19:22:17,532:INFO:Declaring metric variables
2022-10-10 19:22:17,538:INFO:Importing untrained model
2022-10-10 19:22:17,543:INFO:Ridge Regression Imported succesfully
2022-10-10 19:22:17,555:INFO:Starting cross validation
2022-10-10 19:22:17,556:INFO:Cross validating with KFold(n_splits=10, random_state=None, shuffle=False), n_jobs=-1
2022-10-10 19:22:17,706:INFO:Calculating mean and std
2022-10-10 19:22:17,707:INFO:Creating metrics dataframe
2022-10-10 19:22:17,712:INFO:Uploading results into container
2022-10-10 19:22:17,713:INFO:Uploading model into container now
2022-10-10 19:22:17,713:INFO:create_model_container: 3
2022-10-10 19:22:17,713:INFO:master_model_container: 3
2022-10-10 19:22:17,713:INFO:display_container: 2
2022-10-10 19:22:17,713:INFO:Ridge(alpha=1.0, copy_X=True, fit_intercept=True, max_iter=None,
      normalize=False, random_state=2790, solver='auto', tol=0.001)
2022-10-10 19:22:17,713:INFO:create_model() succesfully completed......................................
2022-10-10 19:22:17,948:INFO:SubProcess create_model() end ==================================
2022-10-10 19:22:17,949:INFO:Creating metrics dataframe
2022-10-10 19:22:17,957:INFO:Initializing Elastic Net
2022-10-10 19:22:17,957:INFO:Total runtime is 0.0836337129275004 minutes
2022-10-10 19:22:17,962:INFO:SubProcess create_model() called ==================================
2022-10-10 19:22:17,962:INFO:Initializing create_model()
2022-10-10 19:22:17,963:INFO:create_model(estimator=en, fold=KFold(n_splits=10, random_state=None, shuffle=False), round=4, cross_validation=True, predict=True, fit_kwargs={}, groups=None, refit=False, verbose=False, system=False, metrics=None, experiment_custom_tags=None, add_to_model_list=True, probability_threshold=None, display=<pycaret.internal.Display.Display object at 0x7f665fc7c730>, return_train_score=False, kwargs={})
2022-10-10 19:22:17,963:INFO:Checking exceptions
2022-10-10 19:22:17,963:INFO:Importing libraries
2022-10-10 19:22:17,963:INFO:Copying training dataset
2022-10-10 19:22:17,964:INFO:Defining folds
2022-10-10 19:22:17,964:INFO:Declaring metric variables
2022-10-10 19:22:17,970:INFO:Importing untrained model
2022-10-10 19:22:17,975:INFO:Elastic Net Imported succesfully
2022-10-10 19:22:17,986:INFO:Starting cross validation
2022-10-10 19:22:17,987:INFO:Cross validating with KFold(n_splits=10, random_state=None, shuffle=False), n_jobs=-1
2022-10-10 19:22:18,126:INFO:Calculating mean and std
2022-10-10 19:22:18,127:INFO:Creating metrics dataframe
2022-10-10 19:22:18,131:INFO:Uploading results into container
2022-10-10 19:22:18,131:INFO:Uploading model into container now
2022-10-10 19:22:18,131:INFO:create_model_container: 4
2022-10-10 19:22:18,131:INFO:master_model_container: 4
2022-10-10 19:22:18,131:INFO:display_container: 2
2022-10-10 19:22:18,131:INFO:ElasticNet(alpha=1.0, copy_X=True, fit_intercept=True, l1_ratio=0.5,
           max_iter=1000, normalize=False, positive=False, precompute=False,
           random_state=2790, selection='cyclic', tol=0.0001, warm_start=False)
2022-10-10 19:22:18,132:INFO:create_model() succesfully completed......................................
2022-10-10 19:22:18,366:INFO:SubProcess create_model() end ==================================
2022-10-10 19:22:18,366:INFO:Creating metrics dataframe
2022-10-10 19:22:18,376:INFO:Initializing Least Angle Regression
2022-10-10 19:22:18,376:INFO:Total runtime is 0.0906244119008382 minutes
2022-10-10 19:22:18,382:INFO:SubProcess create_model() called ==================================
2022-10-10 19:22:18,382:INFO:Initializing create_model()
2022-10-10 19:22:18,382:INFO:create_model(estimator=lar, fold=KFold(n_splits=10, random_state=None, shuffle=False), round=4, cross_validation=True, predict=True, fit_kwargs={}, groups=None, refit=False, verbose=False, system=False, metrics=None, experiment_custom_tags=None, add_to_model_list=True, probability_threshold=None, display=<pycaret.internal.Display.Display object at 0x7f665fc7c730>, return_train_score=False, kwargs={})
2022-10-10 19:22:18,382:INFO:Checking exceptions
2022-10-10 19:22:18,383:INFO:Importing libraries
2022-10-10 19:22:18,383:INFO:Copying training dataset
2022-10-10 19:22:18,384:INFO:Defining folds
2022-10-10 19:22:18,384:INFO:Declaring metric variables
2022-10-10 19:22:18,390:INFO:Importing untrained model
2022-10-10 19:22:18,395:INFO:Least Angle Regression Imported succesfully
2022-10-10 19:22:18,407:INFO:Starting cross validation
2022-10-10 19:22:18,407:INFO:Cross validating with KFold(n_splits=10, random_state=None, shuffle=False), n_jobs=-1
2022-10-10 19:22:18,615:WARNING:create_model() for lar raised an exception or returned all 0.0, trying without fit_kwargs:
2022-10-10 19:22:18,621:WARNING:joblib.externals.loky.process_executor._RemoteTraceback: 
"""
Traceback (most recent call last):
  File "/home/anand_ml/anaconda3/envs/pyc/lib/python3.8/site-packages/joblib/externals/loky/process_executor.py", line 436, in _process_worker
    r = call_item()
  File "/home/anand_ml/anaconda3/envs/pyc/lib/python3.8/site-packages/joblib/externals/loky/process_executor.py", line 288, in __call__
    return self.fn(*self.args, **self.kwargs)
  File "/home/anand_ml/anaconda3/envs/pyc/lib/python3.8/site-packages/joblib/_parallel_backends.py", line 595, in __call__
    return self.func(*args, **kwargs)
  File "/home/anand_ml/anaconda3/envs/pyc/lib/python3.8/site-packages/joblib/parallel.py", line 262, in __call__
    return [func(*args, **kwargs)
  File "/home/anand_ml/anaconda3/envs/pyc/lib/python3.8/site-packages/joblib/parallel.py", line 262, in <listcomp>
    return [func(*args, **kwargs)
  File "/home/anand_ml/anaconda3/envs/pyc/lib/python3.8/site-packages/sklearn/model_selection/_validation.py", line 560, in _fit_and_score
    test_scores = _score(estimator, X_test, y_test, scorer)
  File "/home/anand_ml/anaconda3/envs/pyc/lib/python3.8/site-packages/sklearn/model_selection/_validation.py", line 607, in _score
    scores = scorer(estimator, X_test, y_test)
  File "/home/anand_ml/anaconda3/envs/pyc/lib/python3.8/site-packages/sklearn/metrics/_scorer.py", line 87, in __call__
    score = scorer._score(cached_call, estimator,
  File "/home/anand_ml/anaconda3/envs/pyc/lib/python3.8/site-packages/sklearn/metrics/_scorer.py", line 212, in _score
    return self._sign * self._score_func(y_true, y_pred,
  File "/home/anand_ml/anaconda3/envs/pyc/lib/python3.8/site-packages/sklearn/utils/validation.py", line 72, in inner_f
    return f(**kwargs)
  File "/home/anand_ml/anaconda3/envs/pyc/lib/python3.8/site-packages/sklearn/metrics/_regression.py", line 178, in mean_absolute_error
    y_type, y_true, y_pred, multioutput = _check_reg_targets(
  File "/home/anand_ml/anaconda3/envs/pyc/lib/python3.8/site-packages/sklearn/metrics/_regression.py", line 86, in _check_reg_targets
    y_pred = check_array(y_pred, ensure_2d=False, dtype=dtype)
  File "/home/anand_ml/anaconda3/envs/pyc/lib/python3.8/site-packages/sklearn/utils/validation.py", line 72, in inner_f
    return f(**kwargs)
  File "/home/anand_ml/anaconda3/envs/pyc/lib/python3.8/site-packages/sklearn/utils/validation.py", line 644, in check_array
    _assert_all_finite(array,
  File "/home/anand_ml/anaconda3/envs/pyc/lib/python3.8/site-packages/sklearn/utils/validation.py", line 96, in _assert_all_finite
    raise ValueError(
ValueError: Input contains NaN, infinity or a value too large for dtype('float64').
"""

The above exception was the direct cause of the following exception:

Traceback (most recent call last):
  File "/home/anand_ml/anaconda3/envs/pyc/lib/python3.8/site-packages/pycaret/internal/tabular.py", line 2203, in compare_models
    model, model_fit_time = create_model_supervised(**create_model_args)
  File "/home/anand_ml/anaconda3/envs/pyc/lib/python3.8/site-packages/pycaret/internal/tabular.py", line 3200, in create_model_supervised
    scores = cross_validate(
  File "/home/anand_ml/anaconda3/envs/pyc/lib/python3.8/site-packages/sklearn/utils/validation.py", line 72, in inner_f
    return f(**kwargs)
  File "/home/anand_ml/anaconda3/envs/pyc/lib/python3.8/site-packages/sklearn/model_selection/_validation.py", line 242, in cross_validate
    scores = parallel(
  File "/home/anand_ml/anaconda3/envs/pyc/lib/python3.8/site-packages/joblib/parallel.py", line 1056, in __call__
    self.retrieve()
  File "/home/anand_ml/anaconda3/envs/pyc/lib/python3.8/site-packages/joblib/parallel.py", line 935, in retrieve
    self._output.extend(job.get(timeout=self.timeout))
  File "/home/anand_ml/anaconda3/envs/pyc/lib/python3.8/site-packages/joblib/_parallel_backends.py", line 542, in wrap_future_result
    return future.result(timeout=timeout)
  File "/home/anand_ml/anaconda3/envs/pyc/lib/python3.8/concurrent/futures/_base.py", line 444, in result
    return self.__get_result()
  File "/home/anand_ml/anaconda3/envs/pyc/lib/python3.8/concurrent/futures/_base.py", line 389, in __get_result
    raise self._exception
ValueError: Input contains NaN, infinity or a value too large for dtype('float64').

2022-10-10 19:22:18,622:INFO:Initializing create_model()
2022-10-10 19:22:18,622:INFO:create_model(estimator=lar, fold=KFold(n_splits=10, random_state=None, shuffle=False), round=4, cross_validation=True, predict=True, fit_kwargs={}, groups=None, refit=False, verbose=False, system=False, metrics=None, experiment_custom_tags=None, add_to_model_list=True, probability_threshold=None, display=<pycaret.internal.Display.Display object at 0x7f665fc7c730>, return_train_score=False, kwargs={})
2022-10-10 19:22:18,622:INFO:Checking exceptions
2022-10-10 19:22:18,622:INFO:Importing libraries
2022-10-10 19:22:18,622:INFO:Copying training dataset
2022-10-10 19:22:18,623:INFO:Defining folds
2022-10-10 19:22:18,624:INFO:Declaring metric variables
2022-10-10 19:22:18,629:INFO:Importing untrained model
2022-10-10 19:22:18,634:INFO:Least Angle Regression Imported succesfully
2022-10-10 19:22:18,646:INFO:Starting cross validation
2022-10-10 19:22:18,647:INFO:Cross validating with KFold(n_splits=10, random_state=None, shuffle=False), n_jobs=-1
2022-10-10 19:22:20,801:ERROR:create_model() for lar raised an exception or returned all 0.0:
2022-10-10 19:22:20,801:ERROR:joblib.externals.loky.process_executor._RemoteTraceback: 
"""
Traceback (most recent call last):
  File "/home/anand_ml/anaconda3/envs/pyc/lib/python3.8/site-packages/joblib/externals/loky/process_executor.py", line 436, in _process_worker
    r = call_item()
  File "/home/anand_ml/anaconda3/envs/pyc/lib/python3.8/site-packages/joblib/externals/loky/process_executor.py", line 288, in __call__
    return self.fn(*self.args, **self.kwargs)
  File "/home/anand_ml/anaconda3/envs/pyc/lib/python3.8/site-packages/joblib/_parallel_backends.py", line 595, in __call__
    return self.func(*args, **kwargs)
  File "/home/anand_ml/anaconda3/envs/pyc/lib/python3.8/site-packages/joblib/parallel.py", line 262, in __call__
    return [func(*args, **kwargs)
  File "/home/anand_ml/anaconda3/envs/pyc/lib/python3.8/site-packages/joblib/parallel.py", line 262, in <listcomp>
    return [func(*args, **kwargs)
  File "/home/anand_ml/anaconda3/envs/pyc/lib/python3.8/site-packages/sklearn/model_selection/_validation.py", line 560, in _fit_and_score
    test_scores = _score(estimator, X_test, y_test, scorer)
  File "/home/anand_ml/anaconda3/envs/pyc/lib/python3.8/site-packages/sklearn/model_selection/_validation.py", line 607, in _score
    scores = scorer(estimator, X_test, y_test)
  File "/home/anand_ml/anaconda3/envs/pyc/lib/python3.8/site-packages/sklearn/metrics/_scorer.py", line 87, in __call__
    score = scorer._score(cached_call, estimator,
  File "/home/anand_ml/anaconda3/envs/pyc/lib/python3.8/site-packages/sklearn/metrics/_scorer.py", line 212, in _score
    return self._sign * self._score_func(y_true, y_pred,
  File "/home/anand_ml/anaconda3/envs/pyc/lib/python3.8/site-packages/sklearn/utils/validation.py", line 72, in inner_f
    return f(**kwargs)
  File "/home/anand_ml/anaconda3/envs/pyc/lib/python3.8/site-packages/sklearn/metrics/_regression.py", line 178, in mean_absolute_error
    y_type, y_true, y_pred, multioutput = _check_reg_targets(
  File "/home/anand_ml/anaconda3/envs/pyc/lib/python3.8/site-packages/sklearn/metrics/_regression.py", line 86, in _check_reg_targets
    y_pred = check_array(y_pred, ensure_2d=False, dtype=dtype)
  File "/home/anand_ml/anaconda3/envs/pyc/lib/python3.8/site-packages/sklearn/utils/validation.py", line 72, in inner_f
    return f(**kwargs)
  File "/home/anand_ml/anaconda3/envs/pyc/lib/python3.8/site-packages/sklearn/utils/validation.py", line 644, in check_array
    _assert_all_finite(array,
  File "/home/anand_ml/anaconda3/envs/pyc/lib/python3.8/site-packages/sklearn/utils/validation.py", line 96, in _assert_all_finite
    raise ValueError(
ValueError: Input contains NaN, infinity or a value too large for dtype('float64').
"""

The above exception was the direct cause of the following exception:

Traceback (most recent call last):
  File "/home/anand_ml/anaconda3/envs/pyc/lib/python3.8/site-packages/pycaret/internal/tabular.py", line 2212, in compare_models
    model, model_fit_time = create_model_supervised(**create_model_args)
  File "/home/anand_ml/anaconda3/envs/pyc/lib/python3.8/site-packages/pycaret/internal/tabular.py", line 3200, in create_model_supervised
    scores = cross_validate(
  File "/home/anand_ml/anaconda3/envs/pyc/lib/python3.8/site-packages/sklearn/utils/validation.py", line 72, in inner_f
    return f(**kwargs)
  File "/home/anand_ml/anaconda3/envs/pyc/lib/python3.8/site-packages/sklearn/model_selection/_validation.py", line 242, in cross_validate
    scores = parallel(
  File "/home/anand_ml/anaconda3/envs/pyc/lib/python3.8/site-packages/joblib/parallel.py", line 1056, in __call__
    self.retrieve()
  File "/home/anand_ml/anaconda3/envs/pyc/lib/python3.8/site-packages/joblib/parallel.py", line 935, in retrieve
    self._output.extend(job.get(timeout=self.timeout))
  File "/home/anand_ml/anaconda3/envs/pyc/lib/python3.8/site-packages/joblib/_parallel_backends.py", line 542, in wrap_future_result
    return future.result(timeout=timeout)
  File "/home/anand_ml/anaconda3/envs/pyc/lib/python3.8/concurrent/futures/_base.py", line 444, in result
    return self.__get_result()
  File "/home/anand_ml/anaconda3/envs/pyc/lib/python3.8/concurrent/futures/_base.py", line 389, in __get_result
    raise self._exception
ValueError: Input contains NaN, infinity or a value too large for dtype('float64').

2022-10-10 19:22:20,801:INFO:Initializing Lasso Least Angle Regression
2022-10-10 19:22:20,801:INFO:Total runtime is 0.1310432155927022 minutes
2022-10-10 19:22:20,809:INFO:SubProcess create_model() called ==================================
2022-10-10 19:22:20,809:INFO:Initializing create_model()
2022-10-10 19:22:20,809:INFO:create_model(estimator=llar, fold=KFold(n_splits=10, random_state=None, shuffle=False), round=4, cross_validation=True, predict=True, fit_kwargs={}, groups=None, refit=False, verbose=False, system=False, metrics=None, experiment_custom_tags=None, add_to_model_list=True, probability_threshold=None, display=<pycaret.internal.Display.Display object at 0x7f665fc7c730>, return_train_score=False, kwargs={})
2022-10-10 19:22:20,810:INFO:Checking exceptions
2022-10-10 19:22:20,810:INFO:Importing libraries
2022-10-10 19:22:20,810:INFO:Copying training dataset
2022-10-10 19:22:20,811:INFO:Defining folds
2022-10-10 19:22:20,812:INFO:Declaring metric variables
2022-10-10 19:22:20,818:INFO:Importing untrained model
2022-10-10 19:22:20,823:INFO:Lasso Least Angle Regression Imported succesfully
2022-10-10 19:22:20,835:INFO:Starting cross validation
2022-10-10 19:22:20,835:INFO:Cross validating with KFold(n_splits=10, random_state=None, shuffle=False), n_jobs=-1
2022-10-10 19:22:23,471:INFO:Calculating mean and std
2022-10-10 19:22:23,473:INFO:Creating metrics dataframe
2022-10-10 19:22:23,483:INFO:Uploading results into container
2022-10-10 19:22:23,484:INFO:Uploading model into container now
2022-10-10 19:22:23,484:INFO:create_model_container: 5
2022-10-10 19:22:23,484:INFO:master_model_container: 5
2022-10-10 19:22:23,484:INFO:display_container: 2
2022-10-10 19:22:23,485:INFO:LassoLars(alpha=1.0, copy_X=True, eps=2.220446049250313e-16, fit_intercept=True,
          fit_path=True, jitter=None, max_iter=500, normalize=True,
          positive=False, precompute='auto', random_state=2790, verbose=False)
2022-10-10 19:22:23,485:INFO:create_model() succesfully completed......................................
2022-10-10 19:22:23,793:INFO:SubProcess create_model() end ==================================
2022-10-10 19:22:23,793:INFO:Creating metrics dataframe
2022-10-10 19:22:23,803:INFO:Initializing Orthogonal Matching Pursuit
2022-10-10 19:22:23,803:INFO:Total runtime is 0.18107123772303263 minutes
2022-10-10 19:22:23,809:INFO:SubProcess create_model() called ==================================
2022-10-10 19:22:23,809:INFO:Initializing create_model()
2022-10-10 19:22:23,809:INFO:create_model(estimator=omp, fold=KFold(n_splits=10, random_state=None, shuffle=False), round=4, cross_validation=True, predict=True, fit_kwargs={}, groups=None, refit=False, verbose=False, system=False, metrics=None, experiment_custom_tags=None, add_to_model_list=True, probability_threshold=None, display=<pycaret.internal.Display.Display object at 0x7f665fc7c730>, return_train_score=False, kwargs={})
2022-10-10 19:22:23,810:INFO:Checking exceptions
2022-10-10 19:22:23,810:INFO:Importing libraries
2022-10-10 19:22:23,810:INFO:Copying training dataset
2022-10-10 19:22:23,813:INFO:Defining folds
2022-10-10 19:22:23,813:INFO:Declaring metric variables
2022-10-10 19:22:23,820:INFO:Importing untrained model
2022-10-10 19:22:23,826:INFO:Orthogonal Matching Pursuit Imported succesfully
2022-10-10 19:22:23,842:INFO:Starting cross validation
2022-10-10 19:22:23,843:INFO:Cross validating with KFold(n_splits=10, random_state=None, shuffle=False), n_jobs=-1
2022-10-10 19:22:25,114:INFO:Calculating mean and std
2022-10-10 19:22:25,115:INFO:Creating metrics dataframe
2022-10-10 19:22:25,119:INFO:Uploading results into container
2022-10-10 19:22:25,120:INFO:Uploading model into container now
2022-10-10 19:22:25,120:INFO:create_model_container: 6
2022-10-10 19:22:25,120:INFO:master_model_container: 6
2022-10-10 19:22:25,120:INFO:display_container: 2
2022-10-10 19:22:25,120:INFO:OrthogonalMatchingPursuit(fit_intercept=True, n_nonzero_coefs=None,
                          normalize=True, precompute='auto', tol=None)
2022-10-10 19:22:25,120:INFO:create_model() succesfully completed......................................
2022-10-10 19:22:25,432:INFO:SubProcess create_model() end ==================================
2022-10-10 19:22:25,432:INFO:Creating metrics dataframe
2022-10-10 19:22:25,445:INFO:Initializing Bayesian Ridge
2022-10-10 19:22:25,445:INFO:Total runtime is 0.20843780040740967 minutes
2022-10-10 19:22:25,456:INFO:SubProcess create_model() called ==================================
2022-10-10 19:22:25,457:INFO:Initializing create_model()
2022-10-10 19:22:25,457:INFO:create_model(estimator=br, fold=KFold(n_splits=10, random_state=None, shuffle=False), round=4, cross_validation=True, predict=True, fit_kwargs={}, groups=None, refit=False, verbose=False, system=False, metrics=None, experiment_custom_tags=None, add_to_model_list=True, probability_threshold=None, display=<pycaret.internal.Display.Display object at 0x7f665fc7c730>, return_train_score=False, kwargs={})
2022-10-10 19:22:25,457:INFO:Checking exceptions
2022-10-10 19:22:25,457:INFO:Importing libraries
2022-10-10 19:22:25,457:INFO:Copying training dataset
2022-10-10 19:22:25,459:INFO:Defining folds
2022-10-10 19:22:25,460:INFO:Declaring metric variables
2022-10-10 19:22:25,466:INFO:Importing untrained model
2022-10-10 19:22:25,473:INFO:Bayesian Ridge Imported succesfully
2022-10-10 19:22:25,489:INFO:Starting cross validation
2022-10-10 19:22:25,490:INFO:Cross validating with KFold(n_splits=10, random_state=None, shuffle=False), n_jobs=-1
2022-10-10 19:22:25,856:INFO:Calculating mean and std
2022-10-10 19:22:25,857:INFO:Creating metrics dataframe
2022-10-10 19:22:25,862:INFO:Uploading results into container
2022-10-10 19:22:25,862:INFO:Uploading model into container now
2022-10-10 19:22:25,862:INFO:create_model_container: 7
2022-10-10 19:22:25,862:INFO:master_model_container: 7
2022-10-10 19:22:25,862:INFO:display_container: 2
2022-10-10 19:22:25,863:INFO:BayesianRidge(alpha_1=1e-06, alpha_2=1e-06, alpha_init=None,
              compute_score=False, copy_X=True, fit_intercept=True,
              lambda_1=1e-06, lambda_2=1e-06, lambda_init=None, n_iter=300,
              normalize=False, tol=0.001, verbose=False)
2022-10-10 19:22:25,863:INFO:create_model() succesfully completed......................................
2022-10-10 19:22:26,148:INFO:SubProcess create_model() end ==================================
2022-10-10 19:22:26,148:INFO:Creating metrics dataframe
2022-10-10 19:22:26,157:INFO:Initializing Passive Aggressive Regressor
2022-10-10 19:22:26,158:INFO:Total runtime is 0.22031068801879883 minutes
2022-10-10 19:22:26,164:INFO:SubProcess create_model() called ==================================
2022-10-10 19:22:26,165:INFO:Initializing create_model()
2022-10-10 19:22:26,165:INFO:create_model(estimator=par, fold=KFold(n_splits=10, random_state=None, shuffle=False), round=4, cross_validation=True, predict=True, fit_kwargs={}, groups=None, refit=False, verbose=False, system=False, metrics=None, experiment_custom_tags=None, add_to_model_list=True, probability_threshold=None, display=<pycaret.internal.Display.Display object at 0x7f665fc7c730>, return_train_score=False, kwargs={})
2022-10-10 19:22:26,165:INFO:Checking exceptions
2022-10-10 19:22:26,165:INFO:Importing libraries
2022-10-10 19:22:26,165:INFO:Copying training dataset
2022-10-10 19:22:26,167:INFO:Defining folds
2022-10-10 19:22:26,167:INFO:Declaring metric variables
2022-10-10 19:22:26,173:INFO:Importing untrained model
2022-10-10 19:22:26,179:INFO:Passive Aggressive Regressor Imported succesfully
2022-10-10 19:22:26,194:INFO:Starting cross validation
2022-10-10 19:22:26,195:INFO:Cross validating with KFold(n_splits=10, random_state=None, shuffle=False), n_jobs=-1
2022-10-10 19:22:26,371:INFO:Calculating mean and std
2022-10-10 19:22:26,372:INFO:Creating metrics dataframe
2022-10-10 19:22:26,377:INFO:Uploading results into container
2022-10-10 19:22:26,377:INFO:Uploading model into container now
2022-10-10 19:22:26,377:INFO:create_model_container: 8
2022-10-10 19:22:26,377:INFO:master_model_container: 8
2022-10-10 19:22:26,377:INFO:display_container: 2
2022-10-10 19:22:26,378:INFO:PassiveAggressiveRegressor(C=1.0, average=False, early_stopping=False,
                           epsilon=0.1, fit_intercept=True,
                           loss='epsilon_insensitive', max_iter=1000,
                           n_iter_no_change=5, random_state=2790, shuffle=True,
                           tol=0.001, validation_fraction=0.1, verbose=0,
                           warm_start=False)
2022-10-10 19:22:26,378:INFO:create_model() succesfully completed......................................
2022-10-10 19:22:26,665:INFO:SubProcess create_model() end ==================================
2022-10-10 19:22:26,665:INFO:Creating metrics dataframe
2022-10-10 19:22:26,675:INFO:Initializing Huber Regressor
2022-10-10 19:22:26,675:INFO:Total runtime is 0.2289348562558492 minutes
2022-10-10 19:22:26,683:INFO:SubProcess create_model() called ==================================
2022-10-10 19:22:26,683:INFO:Initializing create_model()
2022-10-10 19:22:26,684:INFO:create_model(estimator=huber, fold=KFold(n_splits=10, random_state=None, shuffle=False), round=4, cross_validation=True, predict=True, fit_kwargs={}, groups=None, refit=False, verbose=False, system=False, metrics=None, experiment_custom_tags=None, add_to_model_list=True, probability_threshold=None, display=<pycaret.internal.Display.Display object at 0x7f665fc7c730>, return_train_score=False, kwargs={})
2022-10-10 19:22:26,684:INFO:Checking exceptions
2022-10-10 19:22:26,684:INFO:Importing libraries
2022-10-10 19:22:26,684:INFO:Copying training dataset
2022-10-10 19:22:26,685:INFO:Defining folds
2022-10-10 19:22:26,686:INFO:Declaring metric variables
2022-10-10 19:22:26,692:INFO:Importing untrained model
2022-10-10 19:22:26,698:INFO:Huber Regressor Imported succesfully
2022-10-10 19:22:26,711:INFO:Starting cross validation
2022-10-10 19:22:26,712:INFO:Cross validating with KFold(n_splits=10, random_state=None, shuffle=False), n_jobs=-1
2022-10-10 19:22:27,901:INFO:Calculating mean and std
2022-10-10 19:22:27,902:INFO:Creating metrics dataframe
2022-10-10 19:22:27,908:INFO:Uploading results into container
2022-10-10 19:22:27,908:INFO:Uploading model into container now
2022-10-10 19:22:27,908:INFO:create_model_container: 9
2022-10-10 19:22:27,909:INFO:master_model_container: 9
2022-10-10 19:22:27,909:INFO:display_container: 2
2022-10-10 19:22:27,909:INFO:HuberRegressor(alpha=0.0001, epsilon=1.35, fit_intercept=True, max_iter=100,
               tol=1e-05, warm_start=False)
2022-10-10 19:22:27,909:INFO:create_model() succesfully completed......................................
2022-10-10 19:22:28,182:WARNING:create_model() for HuberRegressor(alpha=0.0001, epsilon=1.35, fit_intercept=True, max_iter=100,
               tol=1e-05, warm_start=False) raised an exception or returned all 0.0, trying without fit_kwargs:
2022-10-10 19:22:28,182:WARNING:Traceback (most recent call last):
  File "/home/anand_ml/anaconda3/envs/pyc/lib/python3.8/site-packages/pycaret/internal/tabular.py", line 2205, in compare_models
    assert np.sum(model_results.iloc[0]) != 0.0
AssertionError

2022-10-10 19:22:28,182:INFO:Initializing create_model()
2022-10-10 19:22:28,182:INFO:create_model(estimator=huber, fold=KFold(n_splits=10, random_state=None, shuffle=False), round=4, cross_validation=True, predict=True, fit_kwargs={}, groups=None, refit=False, verbose=False, system=False, metrics=None, experiment_custom_tags=None, add_to_model_list=True, probability_threshold=None, display=<pycaret.internal.Display.Display object at 0x7f665fc7c730>, return_train_score=False, kwargs={})
2022-10-10 19:22:28,182:INFO:Checking exceptions
2022-10-10 19:22:28,182:INFO:Importing libraries
2022-10-10 19:22:28,182:INFO:Copying training dataset
2022-10-10 19:22:28,184:INFO:Defining folds
2022-10-10 19:22:28,184:INFO:Declaring metric variables
2022-10-10 19:22:28,192:INFO:Importing untrained model
2022-10-10 19:22:28,199:INFO:Huber Regressor Imported succesfully
2022-10-10 19:22:28,213:INFO:Starting cross validation
2022-10-10 19:22:28,213:INFO:Cross validating with KFold(n_splits=10, random_state=None, shuffle=False), n_jobs=-1
2022-10-10 19:22:29,421:INFO:Calculating mean and std
2022-10-10 19:22:29,422:INFO:Creating metrics dataframe
2022-10-10 19:22:29,427:INFO:Uploading results into container
2022-10-10 19:22:29,428:INFO:Uploading model into container now
2022-10-10 19:22:29,428:INFO:create_model_container: 10
2022-10-10 19:22:29,428:INFO:master_model_container: 10
2022-10-10 19:22:29,428:INFO:display_container: 2
2022-10-10 19:22:29,428:INFO:HuberRegressor(alpha=0.0001, epsilon=1.35, fit_intercept=True, max_iter=100,
               tol=1e-05, warm_start=False)
2022-10-10 19:22:29,428:INFO:create_model() succesfully completed......................................
2022-10-10 19:22:29,705:ERROR:create_model() for HuberRegressor(alpha=0.0001, epsilon=1.35, fit_intercept=True, max_iter=100,
               tol=1e-05, warm_start=False) raised an exception or returned all 0.0:
2022-10-10 19:22:29,705:ERROR:Traceback (most recent call last):
  File "/home/anand_ml/anaconda3/envs/pyc/lib/python3.8/site-packages/pycaret/internal/tabular.py", line 2205, in compare_models
    assert np.sum(model_results.iloc[0]) != 0.0
AssertionError

During handling of the above exception, another exception occurred:

Traceback (most recent call last):
  File "/home/anand_ml/anaconda3/envs/pyc/lib/python3.8/site-packages/pycaret/internal/tabular.py", line 2214, in compare_models
    assert np.sum(model_results.iloc[0]) != 0.0
AssertionError

2022-10-10 19:22:29,705:INFO:Initializing K Neighbors Regressor
2022-10-10 19:22:29,705:INFO:Total runtime is 0.27943965593973796 minutes
2022-10-10 19:22:29,713:INFO:SubProcess create_model() called ==================================
2022-10-10 19:22:29,713:INFO:Initializing create_model()
2022-10-10 19:22:29,713:INFO:create_model(estimator=knn, fold=KFold(n_splits=10, random_state=None, shuffle=False), round=4, cross_validation=True, predict=True, fit_kwargs={}, groups=None, refit=False, verbose=False, system=False, metrics=None, experiment_custom_tags=None, add_to_model_list=True, probability_threshold=None, display=<pycaret.internal.Display.Display object at 0x7f665fc7c730>, return_train_score=False, kwargs={})
2022-10-10 19:22:29,713:INFO:Checking exceptions
2022-10-10 19:22:29,713:INFO:Importing libraries
2022-10-10 19:22:29,713:INFO:Copying training dataset
2022-10-10 19:22:29,715:INFO:Defining folds
2022-10-10 19:22:29,715:INFO:Declaring metric variables
2022-10-10 19:22:29,721:INFO:Importing untrained model
2022-10-10 19:22:29,727:INFO:K Neighbors Regressor Imported succesfully
2022-10-10 19:22:29,740:INFO:Starting cross validation
2022-10-10 19:22:29,740:INFO:Cross validating with KFold(n_splits=10, random_state=None, shuffle=False), n_jobs=-1
2022-10-10 19:22:29,857:INFO:Calculating mean and std
2022-10-10 19:22:29,858:INFO:Creating metrics dataframe
2022-10-10 19:22:29,862:INFO:Uploading results into container
2022-10-10 19:22:29,862:INFO:Uploading model into container now
2022-10-10 19:22:29,863:INFO:create_model_container: 11
2022-10-10 19:22:29,863:INFO:master_model_container: 11
2022-10-10 19:22:29,863:INFO:display_container: 2
2022-10-10 19:22:29,863:INFO:KNeighborsRegressor(algorithm='auto', leaf_size=30, metric='minkowski',
                    metric_params=None, n_jobs=-1, n_neighbors=5, p=2,
                    weights='uniform')
2022-10-10 19:22:29,863:INFO:create_model() succesfully completed......................................
2022-10-10 19:22:30,133:INFO:SubProcess create_model() end ==================================
2022-10-10 19:22:30,133:INFO:Creating metrics dataframe
2022-10-10 19:22:30,142:INFO:Initializing Decision Tree Regressor
2022-10-10 19:22:30,142:INFO:Total runtime is 0.2867240111033122 minutes
2022-10-10 19:22:30,149:INFO:SubProcess create_model() called ==================================
2022-10-10 19:22:30,150:INFO:Initializing create_model()
2022-10-10 19:22:30,150:INFO:create_model(estimator=dt, fold=KFold(n_splits=10, random_state=None, shuffle=False), round=4, cross_validation=True, predict=True, fit_kwargs={}, groups=None, refit=False, verbose=False, system=False, metrics=None, experiment_custom_tags=None, add_to_model_list=True, probability_threshold=None, display=<pycaret.internal.Display.Display object at 0x7f665fc7c730>, return_train_score=False, kwargs={})
2022-10-10 19:22:30,150:INFO:Checking exceptions
2022-10-10 19:22:30,150:INFO:Importing libraries
2022-10-10 19:22:30,150:INFO:Copying training dataset
2022-10-10 19:22:30,151:INFO:Defining folds
2022-10-10 19:22:30,151:INFO:Declaring metric variables
2022-10-10 19:22:30,157:INFO:Importing untrained model
2022-10-10 19:22:30,164:INFO:Decision Tree Regressor Imported succesfully
2022-10-10 19:22:30,176:INFO:Starting cross validation
2022-10-10 19:22:30,177:INFO:Cross validating with KFold(n_splits=10, random_state=None, shuffle=False), n_jobs=-1
2022-10-10 19:22:30,349:INFO:Calculating mean and std
2022-10-10 19:22:30,350:INFO:Creating metrics dataframe
2022-10-10 19:22:30,354:INFO:Uploading results into container
2022-10-10 19:22:30,355:INFO:Uploading model into container now
2022-10-10 19:22:30,355:INFO:create_model_container: 12
2022-10-10 19:22:30,355:INFO:master_model_container: 12
2022-10-10 19:22:30,355:INFO:display_container: 2
2022-10-10 19:22:30,355:INFO:DecisionTreeRegressor(ccp_alpha=0.0, criterion='mse', max_depth=None,
                      max_features=None, max_leaf_nodes=None,
                      min_impurity_decrease=0.0, min_impurity_split=None,
                      min_samples_leaf=1, min_samples_split=2,
                      min_weight_fraction_leaf=0.0, presort='deprecated',
                      random_state=2790, splitter='best')
2022-10-10 19:22:30,356:INFO:create_model() succesfully completed......................................
2022-10-10 19:22:30,601:INFO:SubProcess create_model() end ==================================
2022-10-10 19:22:30,601:INFO:Creating metrics dataframe
2022-10-10 19:22:30,610:INFO:Initializing Random Forest Regressor
2022-10-10 19:22:30,610:INFO:Total runtime is 0.29452094237009685 minutes
2022-10-10 19:22:30,615:INFO:SubProcess create_model() called ==================================
2022-10-10 19:22:30,616:INFO:Initializing create_model()
2022-10-10 19:22:30,616:INFO:create_model(estimator=rf, fold=KFold(n_splits=10, random_state=None, shuffle=False), round=4, cross_validation=True, predict=True, fit_kwargs={}, groups=None, refit=False, verbose=False, system=False, metrics=None, experiment_custom_tags=None, add_to_model_list=True, probability_threshold=None, display=<pycaret.internal.Display.Display object at 0x7f665fc7c730>, return_train_score=False, kwargs={})
2022-10-10 19:22:30,616:INFO:Checking exceptions
2022-10-10 19:22:30,616:INFO:Importing libraries
2022-10-10 19:22:30,616:INFO:Copying training dataset
2022-10-10 19:22:30,617:INFO:Defining folds
2022-10-10 19:22:30,618:INFO:Declaring metric variables
2022-10-10 19:22:30,623:INFO:Importing untrained model
2022-10-10 19:22:30,629:INFO:Random Forest Regressor Imported succesfully
2022-10-10 19:22:30,640:INFO:Starting cross validation
2022-10-10 19:22:30,641:INFO:Cross validating with KFold(n_splits=10, random_state=None, shuffle=False), n_jobs=-1
2022-10-10 19:22:32,581:INFO:Calculating mean and std
2022-10-10 19:22:32,582:INFO:Creating metrics dataframe
2022-10-10 19:22:32,587:INFO:Uploading results into container
2022-10-10 19:22:32,587:INFO:Uploading model into container now
2022-10-10 19:22:32,587:INFO:create_model_container: 13
2022-10-10 19:22:32,587:INFO:master_model_container: 13
2022-10-10 19:22:32,587:INFO:display_container: 2
2022-10-10 19:22:32,587:INFO:RandomForestRegressor(bootstrap=True, ccp_alpha=0.0, criterion='mse',
                      max_depth=None, max_features='auto', max_leaf_nodes=None,
                      max_samples=None, min_impurity_decrease=0.0,
                      min_impurity_split=None, min_samples_leaf=1,
                      min_samples_split=2, min_weight_fraction_leaf=0.0,
                      n_estimators=100, n_jobs=-1, oob_score=False,
                      random_state=2790, verbose=0, warm_start=False)
2022-10-10 19:22:32,587:INFO:create_model() succesfully completed......................................
2022-10-10 19:22:32,827:INFO:SubProcess create_model() end ==================================
2022-10-10 19:22:32,827:INFO:Creating metrics dataframe
2022-10-10 19:22:32,836:INFO:Initializing Extra Trees Regressor
2022-10-10 19:22:32,836:INFO:Total runtime is 0.3316252152125041 minutes
2022-10-10 19:22:32,842:INFO:SubProcess create_model() called ==================================
2022-10-10 19:22:32,843:INFO:Initializing create_model()
2022-10-10 19:22:32,843:INFO:create_model(estimator=et, fold=KFold(n_splits=10, random_state=None, shuffle=False), round=4, cross_validation=True, predict=True, fit_kwargs={}, groups=None, refit=False, verbose=False, system=False, metrics=None, experiment_custom_tags=None, add_to_model_list=True, probability_threshold=None, display=<pycaret.internal.Display.Display object at 0x7f665fc7c730>, return_train_score=False, kwargs={})
2022-10-10 19:22:32,843:INFO:Checking exceptions
2022-10-10 19:22:32,843:INFO:Importing libraries
2022-10-10 19:22:32,843:INFO:Copying training dataset
2022-10-10 19:22:32,844:INFO:Defining folds
2022-10-10 19:22:32,844:INFO:Declaring metric variables
2022-10-10 19:22:32,849:INFO:Importing untrained model
2022-10-10 19:22:32,855:INFO:Extra Trees Regressor Imported succesfully
2022-10-10 19:22:32,868:INFO:Starting cross validation
2022-10-10 19:22:32,869:INFO:Cross validating with KFold(n_splits=10, random_state=None, shuffle=False), n_jobs=-1
2022-10-10 19:22:35,281:INFO:Calculating mean and std
2022-10-10 19:22:35,283:INFO:Creating metrics dataframe
2022-10-10 19:22:35,289:INFO:Uploading results into container
2022-10-10 19:22:35,289:INFO:Uploading model into container now
2022-10-10 19:22:35,289:INFO:create_model_container: 14
2022-10-10 19:22:35,289:INFO:master_model_container: 14
2022-10-10 19:22:35,289:INFO:display_container: 2
2022-10-10 19:22:35,290:INFO:ExtraTreesRegressor(bootstrap=False, ccp_alpha=0.0, criterion='mse',
                    max_depth=None, max_features='auto', max_leaf_nodes=None,
                    max_samples=None, min_impurity_decrease=0.0,
                    min_impurity_split=None, min_samples_leaf=1,
                    min_samples_split=2, min_weight_fraction_leaf=0.0,
                    n_estimators=100, n_jobs=-1, oob_score=False,
                    random_state=2790, verbose=0, warm_start=False)
2022-10-10 19:22:35,290:INFO:create_model() succesfully completed......................................
2022-10-10 19:22:35,568:INFO:SubProcess create_model() end ==================================
2022-10-10 19:22:35,569:INFO:Creating metrics dataframe
2022-10-10 19:22:35,580:INFO:Initializing AdaBoost Regressor
2022-10-10 19:22:35,580:INFO:Total runtime is 0.37734713554382326 minutes
2022-10-10 19:22:35,585:INFO:SubProcess create_model() called ==================================
2022-10-10 19:22:35,585:INFO:Initializing create_model()
2022-10-10 19:22:35,585:INFO:create_model(estimator=ada, fold=KFold(n_splits=10, random_state=None, shuffle=False), round=4, cross_validation=True, predict=True, fit_kwargs={}, groups=None, refit=False, verbose=False, system=False, metrics=None, experiment_custom_tags=None, add_to_model_list=True, probability_threshold=None, display=<pycaret.internal.Display.Display object at 0x7f665fc7c730>, return_train_score=False, kwargs={})
2022-10-10 19:22:35,586:INFO:Checking exceptions
2022-10-10 19:22:35,586:INFO:Importing libraries
2022-10-10 19:22:35,586:INFO:Copying training dataset
2022-10-10 19:22:35,587:INFO:Defining folds
2022-10-10 19:22:35,587:INFO:Declaring metric variables
2022-10-10 19:22:35,592:INFO:Importing untrained model
2022-10-10 19:22:35,598:INFO:AdaBoost Regressor Imported succesfully
2022-10-10 19:22:35,610:INFO:Starting cross validation
2022-10-10 19:22:35,610:INFO:Cross validating with KFold(n_splits=10, random_state=None, shuffle=False), n_jobs=-1
2022-10-10 19:22:36,247:INFO:Calculating mean and std
2022-10-10 19:22:36,248:INFO:Creating metrics dataframe
2022-10-10 19:22:36,253:INFO:Uploading results into container
2022-10-10 19:22:36,254:INFO:Uploading model into container now
2022-10-10 19:22:36,254:INFO:create_model_container: 15
2022-10-10 19:22:36,254:INFO:master_model_container: 15
2022-10-10 19:22:36,254:INFO:display_container: 2
2022-10-10 19:22:36,254:INFO:AdaBoostRegressor(base_estimator=None, learning_rate=1.0, loss='linear',
                  n_estimators=50, random_state=2790)
2022-10-10 19:22:36,254:INFO:create_model() succesfully completed......................................
2022-10-10 19:22:36,490:INFO:SubProcess create_model() end ==================================
2022-10-10 19:22:36,490:INFO:Creating metrics dataframe
2022-10-10 19:22:36,501:INFO:Initializing Gradient Boosting Regressor
2022-10-10 19:22:36,501:INFO:Total runtime is 0.39269766012827556 minutes
2022-10-10 19:22:36,507:INFO:SubProcess create_model() called ==================================
2022-10-10 19:22:36,507:INFO:Initializing create_model()
2022-10-10 19:22:36,507:INFO:create_model(estimator=gbr, fold=KFold(n_splits=10, random_state=None, shuffle=False), round=4, cross_validation=True, predict=True, fit_kwargs={}, groups=None, refit=False, verbose=False, system=False, metrics=None, experiment_custom_tags=None, add_to_model_list=True, probability_threshold=None, display=<pycaret.internal.Display.Display object at 0x7f665fc7c730>, return_train_score=False, kwargs={})
2022-10-10 19:22:36,507:INFO:Checking exceptions
2022-10-10 19:22:36,507:INFO:Importing libraries
2022-10-10 19:22:36,507:INFO:Copying training dataset
2022-10-10 19:22:36,508:INFO:Defining folds
2022-10-10 19:22:36,509:INFO:Declaring metric variables
2022-10-10 19:22:36,514:INFO:Importing untrained model
2022-10-10 19:22:36,519:INFO:Gradient Boosting Regressor Imported succesfully
2022-10-10 19:22:36,531:INFO:Starting cross validation
2022-10-10 19:22:36,532:INFO:Cross validating with KFold(n_splits=10, random_state=None, shuffle=False), n_jobs=-1
2022-10-10 19:22:37,349:INFO:Calculating mean and std
2022-10-10 19:22:37,350:INFO:Creating metrics dataframe
2022-10-10 19:22:37,364:INFO:Uploading results into container
2022-10-10 19:22:37,365:INFO:Uploading model into container now
2022-10-10 19:22:37,365:INFO:create_model_container: 16
2022-10-10 19:22:37,365:INFO:master_model_container: 16
2022-10-10 19:22:37,365:INFO:display_container: 2
2022-10-10 19:22:37,365:INFO:GradientBoostingRegressor(alpha=0.9, ccp_alpha=0.0, criterion='friedman_mse',
                          init=None, learning_rate=0.1, loss='ls', max_depth=3,
                          max_features=None, max_leaf_nodes=None,
                          min_impurity_decrease=0.0, min_impurity_split=None,
                          min_samples_leaf=1, min_samples_split=2,
                          min_weight_fraction_leaf=0.0, n_estimators=100,
                          n_iter_no_change=None, presort='deprecated',
                          random_state=2790, subsample=1.0, tol=0.0001,
                          validation_fraction=0.1, verbose=0, warm_start=False)
2022-10-10 19:22:37,365:INFO:create_model() succesfully completed......................................
2022-10-10 19:22:37,624:INFO:SubProcess create_model() end ==================================
2022-10-10 19:22:37,624:INFO:Creating metrics dataframe
2022-10-10 19:22:37,635:INFO:Initializing Extreme Gradient Boosting
2022-10-10 19:22:37,635:INFO:Total runtime is 0.41159937779108685 minutes
2022-10-10 19:22:37,641:INFO:SubProcess create_model() called ==================================
2022-10-10 19:22:37,641:INFO:Initializing create_model()
2022-10-10 19:22:37,641:INFO:create_model(estimator=xgboost, fold=KFold(n_splits=10, random_state=None, shuffle=False), round=4, cross_validation=True, predict=True, fit_kwargs={}, groups=None, refit=False, verbose=False, system=False, metrics=None, experiment_custom_tags=None, add_to_model_list=True, probability_threshold=None, display=<pycaret.internal.Display.Display object at 0x7f665fc7c730>, return_train_score=False, kwargs={})
2022-10-10 19:22:37,641:INFO:Checking exceptions
2022-10-10 19:22:37,641:INFO:Importing libraries
2022-10-10 19:22:37,641:INFO:Copying training dataset
2022-10-10 19:22:37,643:INFO:Defining folds
2022-10-10 19:22:37,643:INFO:Declaring metric variables
2022-10-10 19:22:37,648:INFO:Importing untrained model
2022-10-10 19:22:37,654:INFO:Extreme Gradient Boosting Imported succesfully
2022-10-10 19:22:37,667:INFO:Starting cross validation
2022-10-10 19:22:37,668:INFO:Cross validating with KFold(n_splits=10, random_state=None, shuffle=False), n_jobs=-1
2022-10-10 19:22:39,309:INFO:Calculating mean and std
2022-10-10 19:22:39,311:INFO:Creating metrics dataframe
2022-10-10 19:22:39,316:INFO:Uploading results into container
2022-10-10 19:22:39,316:INFO:Uploading model into container now
2022-10-10 19:22:39,317:INFO:create_model_container: 17
2022-10-10 19:22:39,317:INFO:master_model_container: 17
2022-10-10 19:22:39,317:INFO:display_container: 2
2022-10-10 19:22:39,318:INFO:XGBRegressor(base_score=None, booster='gbtree', callbacks=None,
             colsample_bylevel=None, colsample_bynode=None,
             colsample_bytree=None, early_stopping_rounds=None,
             enable_categorical=False, eval_metric=None, gamma=None,
             gpu_id=None, grow_policy=None, importance_type=None,
             interaction_constraints=None, learning_rate=None, max_bin=None,
             max_cat_to_onehot=None, max_delta_step=None, max_depth=None,
             max_leaves=None, min_child_weight=None, missing=nan,
             monotone_constraints=None, n_estimators=100, n_jobs=-1,
             num_parallel_tree=None, objective='reg:squarederror',
             predictor=None, random_state=2790, reg_alpha=None, ...)
2022-10-10 19:22:39,318:INFO:create_model() succesfully completed......................................
2022-10-10 19:22:39,593:INFO:SubProcess create_model() end ==================================
2022-10-10 19:22:39,594:INFO:Creating metrics dataframe
2022-10-10 19:22:39,603:INFO:Initializing Light Gradient Boosting Machine
2022-10-10 19:22:39,604:INFO:Total runtime is 0.44441088040669763 minutes
2022-10-10 19:22:39,610:INFO:SubProcess create_model() called ==================================
2022-10-10 19:22:39,610:INFO:Initializing create_model()
2022-10-10 19:22:39,610:INFO:create_model(estimator=lightgbm, fold=KFold(n_splits=10, random_state=None, shuffle=False), round=4, cross_validation=True, predict=True, fit_kwargs={}, groups=None, refit=False, verbose=False, system=False, metrics=None, experiment_custom_tags=None, add_to_model_list=True, probability_threshold=None, display=<pycaret.internal.Display.Display object at 0x7f665fc7c730>, return_train_score=False, kwargs={})
2022-10-10 19:22:39,610:INFO:Checking exceptions
2022-10-10 19:22:39,610:INFO:Importing libraries
2022-10-10 19:22:39,610:INFO:Copying training dataset
2022-10-10 19:22:39,611:INFO:Defining folds
2022-10-10 19:22:39,612:INFO:Declaring metric variables
2022-10-10 19:22:39,617:INFO:Importing untrained model
2022-10-10 19:22:39,622:INFO:Light Gradient Boosting Machine Imported succesfully
2022-10-10 19:22:39,634:INFO:Starting cross validation
2022-10-10 19:22:39,634:INFO:Cross validating with KFold(n_splits=10, random_state=None, shuffle=False), n_jobs=-1
2022-10-10 19:22:40,038:INFO:Calculating mean and std
2022-10-10 19:22:40,039:INFO:Creating metrics dataframe
2022-10-10 19:22:40,044:INFO:Uploading results into container
2022-10-10 19:22:40,044:INFO:Uploading model into container now
2022-10-10 19:22:40,044:INFO:create_model_container: 18
2022-10-10 19:22:40,044:INFO:master_model_container: 18
2022-10-10 19:22:40,044:INFO:display_container: 2
2022-10-10 19:22:40,045:INFO:LGBMRegressor(boosting_type='gbdt', class_weight=None, colsample_bytree=1.0,
              importance_type='split', learning_rate=0.1, max_depth=-1,
              min_child_samples=20, min_child_weight=0.001, min_split_gain=0.0,
              n_estimators=100, n_jobs=-1, num_leaves=31, objective=None,
              random_state=2790, reg_alpha=0.0, reg_lambda=0.0, silent='warn',
              subsample=1.0, subsample_for_bin=200000, subsample_freq=0)
2022-10-10 19:22:40,045:INFO:create_model() succesfully completed......................................
2022-10-10 19:22:40,284:INFO:SubProcess create_model() end ==================================
2022-10-10 19:22:40,285:INFO:Creating metrics dataframe
2022-10-10 19:22:40,294:INFO:Initializing CatBoost Regressor
2022-10-10 19:22:40,294:INFO:Total runtime is 0.4559219161669414 minutes
2022-10-10 19:22:40,300:INFO:SubProcess create_model() called ==================================
2022-10-10 19:22:40,300:INFO:Initializing create_model()
2022-10-10 19:22:40,300:INFO:create_model(estimator=catboost, fold=KFold(n_splits=10, random_state=None, shuffle=False), round=4, cross_validation=True, predict=True, fit_kwargs={}, groups=None, refit=False, verbose=False, system=False, metrics=None, experiment_custom_tags=None, add_to_model_list=True, probability_threshold=None, display=<pycaret.internal.Display.Display object at 0x7f665fc7c730>, return_train_score=False, kwargs={})
2022-10-10 19:22:40,300:INFO:Checking exceptions
2022-10-10 19:22:40,300:INFO:Importing libraries
2022-10-10 19:22:40,300:INFO:Copying training dataset
2022-10-10 19:22:40,302:INFO:Defining folds
2022-10-10 19:22:40,302:INFO:Declaring metric variables
2022-10-10 19:22:40,307:INFO:Importing untrained model
2022-10-10 19:22:40,312:INFO:CatBoost Regressor Imported succesfully
2022-10-10 19:22:40,324:INFO:Starting cross validation
2022-10-10 19:22:40,325:INFO:Cross validating with KFold(n_splits=10, random_state=None, shuffle=False), n_jobs=-1
2022-10-10 19:24:00,215:INFO:Calculating mean and std
2022-10-10 19:24:00,217:INFO:Creating metrics dataframe
2022-10-10 19:24:00,222:INFO:Uploading results into container
2022-10-10 19:24:00,222:INFO:Uploading model into container now
2022-10-10 19:24:00,222:INFO:create_model_container: 19
2022-10-10 19:24:00,222:INFO:master_model_container: 19
2022-10-10 19:24:00,222:INFO:display_container: 2
2022-10-10 19:24:00,222:INFO:<catboost.core.CatBoostRegressor object at 0x7f66e0e2aa00>
2022-10-10 19:24:00,222:INFO:create_model() succesfully completed......................................
2022-10-10 19:24:00,491:INFO:SubProcess create_model() end ==================================
2022-10-10 19:24:00,491:INFO:Creating metrics dataframe
2022-10-10 19:24:00,506:INFO:Initializing Dummy Regressor
2022-10-10 19:24:00,507:INFO:Total runtime is 1.7927948713302613 minutes
2022-10-10 19:24:00,514:INFO:SubProcess create_model() called ==================================
2022-10-10 19:24:00,514:INFO:Initializing create_model()
2022-10-10 19:24:00,515:INFO:create_model(estimator=dummy, fold=KFold(n_splits=10, random_state=None, shuffle=False), round=4, cross_validation=True, predict=True, fit_kwargs={}, groups=None, refit=False, verbose=False, system=False, metrics=None, experiment_custom_tags=None, add_to_model_list=True, probability_threshold=None, display=<pycaret.internal.Display.Display object at 0x7f665fc7c730>, return_train_score=False, kwargs={})
2022-10-10 19:24:00,515:INFO:Checking exceptions
2022-10-10 19:24:00,515:INFO:Importing libraries
2022-10-10 19:24:00,515:INFO:Copying training dataset
2022-10-10 19:24:00,516:INFO:Defining folds
2022-10-10 19:24:00,517:INFO:Declaring metric variables
2022-10-10 19:24:00,523:INFO:Importing untrained model
2022-10-10 19:24:00,528:INFO:Dummy Regressor Imported succesfully
2022-10-10 19:24:00,540:INFO:Starting cross validation
2022-10-10 19:24:00,541:INFO:Cross validating with KFold(n_splits=10, random_state=None, shuffle=False), n_jobs=-1
2022-10-10 19:24:00,674:INFO:Calculating mean and std
2022-10-10 19:24:00,674:INFO:Creating metrics dataframe
2022-10-10 19:24:00,678:INFO:Uploading results into container
2022-10-10 19:24:00,678:INFO:Uploading model into container now
2022-10-10 19:24:00,678:INFO:create_model_container: 20
2022-10-10 19:24:00,678:INFO:master_model_container: 20
2022-10-10 19:24:00,678:INFO:display_container: 2
2022-10-10 19:24:00,678:INFO:DummyRegressor(constant=None, quantile=None, strategy='mean')
2022-10-10 19:24:00,678:INFO:create_model() succesfully completed......................................
2022-10-10 19:24:00,934:INFO:SubProcess create_model() end ==================================
2022-10-10 19:24:00,934:INFO:Creating metrics dataframe
2022-10-10 19:24:00,960:INFO:Initializing create_model()
2022-10-10 19:24:00,960:INFO:create_model(estimator=<catboost.core.CatBoostRegressor object at 0x7f66e0e2aa00>, fold=KFold(n_splits=10, random_state=None, shuffle=False), round=4, cross_validation=False, predict=False, fit_kwargs={}, groups=None, refit=True, verbose=False, system=False, metrics=None, experiment_custom_tags=None, add_to_model_list=True, probability_threshold=None, display=None, return_train_score=False, kwargs={})
2022-10-10 19:24:00,961:INFO:Checking exceptions
2022-10-10 19:24:00,961:INFO:Importing libraries
2022-10-10 19:24:00,961:INFO:Copying training dataset
2022-10-10 19:24:00,962:INFO:Defining folds
2022-10-10 19:24:00,962:INFO:Declaring metric variables
2022-10-10 19:24:00,962:INFO:Importing untrained model
2022-10-10 19:24:00,962:INFO:Declaring custom model
2022-10-10 19:24:00,963:INFO:CatBoost Regressor Imported succesfully
2022-10-10 19:24:00,963:INFO:Cross validation set to False
2022-10-10 19:24:00,963:INFO:Fitting Model
2022-10-10 19:24:03,804:INFO:<catboost.core.CatBoostRegressor object at 0x7f665e7bbb20>
2022-10-10 19:24:03,804:INFO:create_models() succesfully completed......................................
2022-10-10 19:24:04,085:INFO:create_model_container: 20
2022-10-10 19:24:04,085:INFO:master_model_container: 20
2022-10-10 19:24:04,086:INFO:display_container: 2
2022-10-10 19:24:04,086:INFO:<catboost.core.CatBoostRegressor object at 0x7f665e7bbb20>
2022-10-10 19:24:04,086:INFO:compare_models() succesfully completed......................................
